Building latex-tds, 2006/08/26 v1.93, Copyright 2006 Heiko Oberdiek
===================================================================
* Build modules: base amslatex babel psnfss cyrillic graphics tools latex-tds source tds

=== Download ===

=== Remove previous build ===
* system: rm -rf build/base
* system: rm -rf build/amslatex
* system: rm -rf build/babel
* system: rm -rf build/psnfss
* system: rm -rf build/cyrillic
* system: rm -rf build/graphics
* system: rm -rf build/tools
* system: rm -rf build/latex-tds
* system: rm -rf build/source
* system: rm -rf build/tds

=== Unpacking ===
* system: mkdir -p 'build'
* system: unzip incoming/ctan/base.zip -dbuild
Archive:  incoming/ctan/base.zip
   creating: build/base/
  inflating: build/base/alltt.dtx    
  inflating: build/base/classes.dtx  
  inflating: build/base/doc.dtx      
  inflating: build/base/docstrip.dtx  
  inflating: build/base/exscale.dtx  
  inflating: build/base/fixltx2e.dtx  
  inflating: build/base/fontdef.dtx  
  inflating: build/base/graphpap.dtx  
  inflating: build/base/ifthen.dtx   
  inflating: build/base/inputenc.dtx  
  inflating: build/base/latex209.dtx  
  inflating: build/base/latexsym.dtx  
  inflating: build/base/letter.dtx   
  inflating: build/base/lthyphen.dtx  
  inflating: build/base/ltxdoc.dtx   
  inflating: build/base/makeindx.dtx  
  inflating: build/base/newlfont.dtx  
  inflating: build/base/oldlfont.dtx  
  inflating: build/base/preload.dtx  
  inflating: build/base/proc.dtx     
  inflating: build/base/slides.dtx   
  inflating: build/base/syntonly.dtx  
  inflating: build/base/unpack.ins   
  inflating: build/base/alltt.ins    
  inflating: build/base/autoload.ins  
  inflating: build/base/classes.ins  
  inflating: build/base/cmextra.ins  
  inflating: build/base/cmfonts.ins  
  inflating: build/base/ec.ins       
  inflating: build/base/newdc.ins    
  inflating: build/base/olddc.ins    
  inflating: build/base/docstrip.ins  
  inflating: build/base/exscale.ins  
  inflating: build/base/fixltx2e.ins  
  inflating: build/base/format.ins   
  inflating: build/base/graphpap.ins  
  inflating: build/base/ifthen.ins   
  inflating: build/base/inputenc.ins  
  inflating: build/base/latex209.ins  
  inflating: build/base/latexsym.ins  
  inflating: build/base/letter.ins   
  inflating: build/base/ltoutenc.ins  
  inflating: build/base/makeindx.ins  
  inflating: build/base/proc.ins     
  inflating: build/base/slides.ins   
  inflating: build/base/syntonly.ins  
  inflating: build/base/cmfonts.fdd  
  inflating: build/base/slifonts.fdd  
  inflating: build/base/ltboxes.dtx  
  inflating: build/base/ltclass.dtx  
  inflating: build/base/ltcounts.dtx  
  inflating: build/base/ltpageno.dtx  
  inflating: build/base/ltxref.dtx   
  inflating: build/base/ltlength.dtx  
  inflating: build/base/ltdirchk.dtx  
  inflating: build/base/ltfiles.dtx  
  inflating: build/base/ltfinal.dtx  
  inflating: build/base/ltfloat.dtx  
  inflating: build/base/ltfntcmd.dtx  
  inflating: build/base/ltfssbas.dtx  
  inflating: build/base/ltfsstrc.dtx  
  inflating: build/base/ltfsscmp.dtx  
  inflating: build/base/ltfssdcl.dtx  
  inflating: build/base/ltfssini.dtx  
  inflating: build/base/ltidxglo.dtx  
  inflating: build/base/ltbibl.dtx   
  inflating: build/base/ltcntrl.dtx  
  inflating: build/base/ltalloc.dtx  
  inflating: build/base/ltdefns.dtx  
  inflating: build/base/lterror.dtx  
  inflating: build/base/ltlogos.dtx  
  inflating: build/base/ltpar.dtx    
  inflating: build/base/ltspace.dtx  
  inflating: build/base/ltlists.dtx  
  inflating: build/base/ltmath.dtx   
  inflating: build/base/ltmiscen.dtx  
  inflating: build/base/ltoutenc.dtx  
  inflating: build/base/ltoutput.dtx  
  inflating: build/base/ltpage.dtx   
  inflating: build/base/ltpictur.dtx  
  inflating: build/base/ltplain.dtx  
  inflating: build/base/ltsect.dtx   
  inflating: build/base/lttab.dtx    
  inflating: build/base/ltthm.dtx    
  inflating: build/base/ltvers.dtx   
  inflating: build/base/ltpatch.ltx  
  inflating: build/base/ltxguide.cls  
  inflating: build/base/ltnews.cls   
  inflating: build/base/minimal.cls  
  inflating: build/base/cfgguide.tex  
  inflating: build/base/clsguide.tex  
  inflating: build/base/cyrguide.tex  
  inflating: build/base/fntguide.tex  
  inflating: build/base/idx.tex      
  inflating: build/base/lablst.tex   
  inflating: build/base/latexbug.tex  
  inflating: build/base/ltnews01.tex  
  inflating: build/base/ltnews02.tex  
  inflating: build/base/ltnews03.tex  
  inflating: build/base/ltnews04.tex  
  inflating: build/base/ltnews05.tex  
  inflating: build/base/ltnews06.tex  
  inflating: build/base/ltnews07.tex  
  inflating: build/base/ltnews08.tex  
  inflating: build/base/ltnews09.tex  
  inflating: build/base/ltnews10.tex  
  inflating: build/base/ltnews11.tex  
  inflating: build/base/ltnews12.tex  
  inflating: build/base/ltx3info.tex  
  inflating: build/base/modguide.tex  
  inflating: build/base/bugs.txt     
  inflating: build/base/lppl.txt     
  inflating: build/base/source2e.tex  
  inflating: build/base/testpage.tex  
  inflating: build/base/usrguide.tex  
  inflating: build/base/tex2.txt     
  inflating: build/base/README       
  inflating: build/base/ltxcheck.tex  
  inflating: build/base/changes.txt  
  inflating: build/base/ltnews13.tex  
  inflating: build/base/sample2e.tex  
  inflating: build/base/small2e.tex  
  inflating: build/base/latexbug.el  
  inflating: build/base/manifest.txt  
  inflating: build/base/grphcomp.err  
  inflating: build/base/manual.err   
  inflating: build/base/webcomp.err  
  inflating: build/base/webcompg.err  
  inflating: build/base/autoload.txt  
  inflating: build/base/legal.txt    
  inflating: build/base/lppl-1-0.txt  
  inflating: build/base/lppl-1-1.txt  
  inflating: build/base/texpert.txt  
  inflating: build/base/patches.txt  
  inflating: build/base/00readme.txt  
  inflating: build/base/ltnews14.tex  
  inflating: build/base/nfssfont.ins  
  inflating: build/base/ltnews15.tex  
  inflating: build/base/ltnews16.tex  
  inflating: build/base/utf8ienc.dtx  
  inflating: build/base/nfssfont.dtx  
  inflating: build/base/lppl-1-2.txt  
  inflating: build/base/encguide.tex  
  inflating: build/base/ltnews17.tex  
  inflating: build/base/lb2.err      
  inflating: build/base/lppl.tex     
  inflating: build/base/tlc2.err     
* system: unzip incoming/ctan/amslatex.zip -dbuild
Archive:  incoming/ctan/amslatex.zip
   creating: build/amslatex/
   creating: build/amslatex/math/
  inflating: build/amslatex/math/amsldoc.cls  
  inflating: build/amslatex/math/install.txt  
  inflating: build/amslatex/math/00readme.txt  
  inflating: build/amslatex/math/amsxtra.dtx  
  inflating: build/amslatex/math/amsmath.dtx  
  inflating: build/amslatex/math/testmath.tex  
  inflating: build/amslatex/math/amsopn.dtx  
  inflating: build/amslatex/math/amsldoc.tex  
  inflating: build/amslatex/math/amscd.dtx  
  inflating: build/amslatex/math/amsgen.dtx  
  inflating: build/amslatex/math/diffs-m.txt  
  inflating: build/amslatex/math/technote.tex  
  inflating: build/amslatex/math/amstex.sty  
  inflating: build/amslatex/math/manifest.txt  
  inflating: build/amslatex/math/amstext.dtx  
  inflating: build/amslatex/math/subeqn.tex  
  inflating: build/amslatex/math/amsbsy.dtx  
  inflating: build/amslatex/math/ams-m1.ins  
  inflating: build/amslatex/math/technote.pdf  
  inflating: build/amslatex/math/amsdtx.cls  
  inflating: build/amslatex/math/testmath.pdf  
  inflating: build/amslatex/math/subeqn.pdf  
  inflating: build/amslatex/math/amsldoc.pdf  
  inflating: build/amslatex/math/amsmath.sty  
  inflating: build/amslatex/math/amstext.sty  
  inflating: build/amslatex/math/amsopn.sty  
  inflating: build/amslatex/math/amsgen.sty  
  inflating: build/amslatex/math/amscd.sty  
  inflating: build/amslatex/math/amsbsy.sty  
  inflating: build/amslatex/math/amsxtra.sty  
   creating: build/amslatex/other/
  inflating: build/amslatex/other/amsbooka.sty  
  inflating: build/amslatex/other/amsmidx.sty  
   creating: build/amslatex/classes/
  inflating: build/amslatex/classes/amsdtx.dtx  
  inflating: build/amslatex/classes/instr-l.tex  
  inflating: build/amslatex/classes/amsclass.dtx  
  inflating: build/amslatex/classes/install.txt  
  inflating: build/amslatex/classes/diffs-c.txt  
  inflating: build/amslatex/classes/upref.dtx  
  inflating: build/amslatex/classes/thmtest.tex  
  inflating: build/amslatex/classes/amsplain.bst  
  inflating: build/amslatex/classes/amsalpha.bst  
  inflating: build/amslatex/classes/00readme.txt  
  inflating: build/amslatex/classes/manifest.txt  
  inflating: build/amslatex/classes/amsthdoc.tex  
  inflating: build/amslatex/classes/ams-c1.ins  
  inflating: build/amslatex/classes/amsthdoc.pdf  
  inflating: build/amslatex/classes/amsproc.cls  
  inflating: build/amslatex/classes/amsdtx.cls  
  inflating: build/amslatex/classes/amsart.cls  
  inflating: build/amslatex/classes/amsbook.cls  
  inflating: build/amslatex/classes/upref.sty  
  inflating: build/amslatex/classes/amsthm.sty  
  inflating: build/amslatex/classes/amsmidx.sty  
  inflating: build/amslatex/classes/thmtest.pdf  
  inflating: build/amslatex/classes/instr-l.pdf  
  inflating: build/amslatex/classes/amsbook.template  
  inflating: build/amslatex/classes/amsmidx.dtx  
  inflating: build/amslatex/classes/amsproc.template  
  inflating: build/amslatex/classes/amsart.template  
  inflating: build/amslatex/install.txt  
  inflating: build/amslatex/00readme.txt  
   creating: build/amslatex/amsrefs/
  inflating: build/amslatex/amsrefs/manifest.txt  
  inflating: build/amslatex/amsrefs/amsrefs.dtx  
  inflating: build/amslatex/amsrefs/00readme.txt  
  inflating: build/amslatex/amsrefs/cite-xa.tex  
  inflating: build/amslatex/amsrefs/cite-xh.tex  
  inflating: build/amslatex/amsrefs/mathscinet.dtx  
  inflating: build/amslatex/amsrefs/cite-xb.tex  
  inflating: build/amslatex/amsrefs/install.txt  
  inflating: build/amslatex/amsrefs/amsrefs.faq  
  inflating: build/amslatex/amsrefs/jr.bib  
  inflating: build/amslatex/amsrefs/cite-xs.tex  
  inflating: build/amslatex/amsrefs/ams-r1.ins  
  inflating: build/amslatex/amsrefs/textcmds.dtx  
  inflating: build/amslatex/amsrefs/amsxport.dtx  
  inflating: build/amslatex/amsrefs/rkeyval.dtx  
  inflating: build/amslatex/amsrefs/gktest.ltb  
  inflating: build/amslatex/amsrefs/pcatcode.dtx  
  inflating: build/amslatex/amsrefs/ifoption.dtx  
  inflating: build/amslatex/amsrefs/mathscinet.pdf  
  inflating: build/amslatex/amsrefs/amsrdoc.pdf  
  inflating: build/amslatex/amsrefs/textcmds.pdf  
  inflating: build/amslatex/amsrefs/amsrefs.pdf  
  inflating: build/amslatex/amsrefs/changes.pdf  
  inflating: build/amslatex/amsrefs/amsrbeta.sty  
  inflating: build/amslatex/amsrefs/rkvbeta.sty  
* system: unzip incoming/ctan/babel.zip -dbuild
Archive:  incoming/ctan/babel.zip
   creating: build/babel/
  inflating: build/babel/user.pdf    
  inflating: build/babel/italian.dtx  
  inflating: build/babel/00readme.txt  
  inflating: build/babel/babel.dtx   
  inflating: build/babel/todo.txt    
  inflating: build/babel/language.dat  
  inflating: build/babel/install.txt  
  inflating: build/babel/bugs.txt    
  inflating: build/babel/changes.txt  
  inflating: build/babel/fixes.txt   
  inflating: build/babel/babel.ins   
  inflating: build/babel/turkish.dtx  
  inflating: build/babel/swedish.dtx  
  inflating: build/babel/spanish.dtx  
  inflating: build/babel/slovene.dtx  
  inflating: build/babel/slovak.dtx  
  inflating: build/babel/romanian.dtx  
  inflating: build/babel/polish.dtx  
  inflating: build/babel/portuges.dtx  
  inflating: build/babel/norsk.dtx   
  inflating: build/babel/magyar.dtx  
  inflating: build/babel/germanb.dtx  
  inflating: build/babel/galician.dtx  
  inflating: build/babel/finnish.dtx  
  inflating: build/babel/english.dtx  
  inflating: build/babel/dutch.dtx   
  inflating: build/babel/danish.dtx  
  inflating: build/babel/croatian.dtx  
  inflating: build/babel/czech.dtx   
  inflating: build/babel/catalan.dtx  
  inflating: build/babel/bahasa.dtx  
  inflating: build/babel/bbidxglo.dtx  
  inflating: build/babel/scottish.dtx  
  inflating: build/babel/bbplain.dtx  
  inflating: build/babel/breton.dtx  
  inflating: build/babel/language.skeleton  
  inflating: build/babel/tb1401.tex  
  inflating: build/babel/tb1202.tex  
  inflating: build/babel/usorbian.dtx  
  inflating: build/babel/lsorbian.dtx  
  inflating: build/babel/irish.dtx   
  inflating: build/babel/estonian.dtx  
  inflating: build/babel/bbcompat.dtx  
  inflating: build/babel/grmath.dtx  
  inflating: build/babel/athnum.dtx  
  inflating: build/babel/announce.txt  
  inflating: build/babel/ngermanb.dtx  
  inflating: build/babel/greek.ins   
  inflating: build/babel/tb1604.tex  
  inflating: build/babel/greek.fdd   
  inflating: build/babel/welsh.dtx   
  inflating: build/babel/russianb.dtx  
  inflating: build/babel/greek.dtx   
  inflating: build/babel/frenchb.dtx  
  inflating: build/babel/manifest.bbl  
  inflating: build/babel/howtoget.txt  
  inflating: build/babel/GreekFonts.txt  
  inflating: build/babel/ukraineb.dtx  
  inflating: build/babel/scottish.ins  
  inflating: build/babel/base.ins    
  inflating: build/babel/welsh.ins   
  inflating: build/babel/swedish.ins  
  inflating: build/babel/spanish.ins  
  inflating: build/babel/slovak.ins  
  inflating: build/babel/slovene.ins  
  inflating: build/babel/serbian.dtx  
  inflating: build/babel/sorbian.ins  
  inflating: build/babel/serbian.ins  
  inflating: build/babel/russianb.ins  
  inflating: build/babel/samin.dtx   
  inflating: build/babel/samin.ins   
  inflating: build/babel/install.OzTeX-pre4  
  inflating: build/babel/ukraineb.ins  
  inflating: build/babel/turkish.ins  
  inflating: build/babel/romanian.ins  
  inflating: build/babel/portuges.ins  
  inflating: build/babel/polish.ins  
  inflating: build/babel/magyar.ins  
  inflating: build/babel/norsk.ins   
  inflating: build/babel/latin.ins   
  inflating: build/babel/latin.dtx   
  inflating: build/babel/italian.ins  
  inflating: build/babel/icelandic.dtx  
  inflating: build/babel/irish.ins   
  inflating: build/babel/babel.pdf   
  inflating: build/babel/heb209.dtx  
  inflating: build/babel/00readme.heb  
  inflating: build/babel/icelandic.ins  
  inflating: build/babel/hebrew.fdd  
  inflating: build/babel/hebinp.dtx  
  inflating: build/babel/hebrew.ins  
  inflating: build/babel/hebrew.dtx  
  inflating: build/babel/usage.tex   
  inflating: build/babel/german.ins  
  inflating: build/babel/galician.ins  
  inflating: build/babel/finnish.ins  
  inflating: build/babel/frenchb.ins  
  inflating: build/babel/estonian.ins  
  inflating: build/babel/esperanto.dtx  
  inflating: build/babel/esperanto.ins  
  inflating: build/babel/english.ins  
  inflating: build/babel/dutch.ins   
  inflating: build/babel/czech.ins   
  inflating: build/babel/danish.ins  
  inflating: build/babel/croatian.ins  
  inflating: build/babel/catalan.ins  
  inflating: build/babel/bulgarian.dtx  
  inflating: build/babel/bulgarian.ins  
  inflating: build/babel/basque.dtx  
  inflating: build/babel/breton.ins  
  inflating: build/babel/basque.ins  
  inflating: build/babel/bahasa.ins  
  inflating: build/babel/lahyph.tex  
  inflating: build/babel/install.OzTeX-4  
  inflating: build/babel/catmik.tex  
  inflating: build/babel/mik2t2.tex  
  inflating: build/babel/icehyph.tex  
  inflating: build/babel/iahyphen.tex  
  inflating: build/babel/interlingua.ins  
  inflating: build/babel/interlingua.dtx  
  inflating: build/babel/grsymb.dtx  
  inflating: build/babel/legal.bbl   
  inflating: build/babel/albanian.dtx  
  inflating: build/babel/bahasam.dtx  
  inflating: build/babel/albanian.ins  
* system: unzip incoming/ctan/psnfss.zip -dbuild
Archive:  incoming/ctan/psnfss.zip
   creating: build/psnfss/
  inflating: build/psnfss/00readme.txt  
  inflating: build/psnfss/8r.enc     
  inflating: build/psnfss/changes.txt  
  inflating: build/psnfss/charter.map  
  inflating: build/psnfss/fpls.map   
 extracting: build/psnfss/freenfss.zip  
 extracting: build/psnfss/lw35nfss.zip  
  inflating: build/psnfss/manifest.txt  
  inflating: build/psnfss/mathtest.tex  
  inflating: build/psnfss/pazo.map   
  inflating: build/psnfss/pitest.tex  
  inflating: build/psnfss/psfonts.dtx  
  inflating: build/psnfss/psfonts.ins  
  inflating: build/psnfss/psnfss.map  
  inflating: build/psnfss/psnfss2e.pdf  
  inflating: build/psnfss/psnfss2e.tex  
  inflating: build/psnfss/test0.tex  
  inflating: build/psnfss/test1.tex  
  inflating: build/psnfss/test2.tex  
  inflating: build/psnfss/test3.tex  
  inflating: build/psnfss/utopia.map  
* system: unzip incoming/ctan/cyrillic.zip -dbuild
Archive:  incoming/ctan/cyrillic.zip
   creating: build/cyrillic/
  inflating: build/cyrillic/changes.txt  
  inflating: build/cyrillic/cyinpenc.dtx  
  inflating: build/cyrillic/cyoutenc.dtx  
  inflating: build/cyrillic/cyrlatex.ins  
  inflating: build/cyrillic/lcy.dtx  
  inflating: build/cyrillic/lcycmlh.fdd  
  inflating: build/cyrillic/ot2.dtx  
  inflating: build/cyrillic/ot2cmams.fdd  
  inflating: build/cyrillic/ot2cmlh.fdd  
  inflating: build/cyrillic/t2lhfnt.fdd  
  inflating: build/cyrillic/00readme.txt  
  inflating: build/cyrillic/manifest.txt  
  inflating: build/cyrillic/README   
* system: unzip incoming/ctan/graphics.zip -dbuild
Archive:  incoming/ctan/graphics.zip
   creating: build/graphics/
  inflating: build/graphics/changes.txt  
  inflating: build/graphics/grfguide.ps  
  inflating: build/graphics/grfguide.pdf  
  inflating: build/graphics/00readme.txt  
  inflating: build/graphics/color.dtx  
  inflating: build/graphics/drivers.dtx  
  inflating: build/graphics/epsfig.dtx  
  inflating: build/graphics/graphics.dtx  
  inflating: build/graphics/graphics.ins  
  inflating: build/graphics/graphics-drivers.ins  
  inflating: build/graphics/graphicx.dtx  
  inflating: build/graphics/grfguide.tex  
  inflating: build/graphics/keyval.dtx  
  inflating: build/graphics/lscape.dtx  
  inflating: build/graphics/trig.dtx  
  inflating: build/graphics/README   
* system: unzip incoming/ctan/tools.zip -dbuild
Archive:  incoming/ctan/tools.zip
   creating: build/tools/
  inflating: build/tools/afterpage.dtx  
  inflating: build/tools/array.dtx   
  inflating: build/tools/bm.dtx      
  inflating: build/tools/calc.dtx    
  inflating: build/tools/changes.txt  
  inflating: build/tools/dcolumn.dtx  
  inflating: build/tools/delarray.dtx  
  inflating: build/tools/enumerate.dtx  
  inflating: build/tools/fileerr.dtx  
  inflating: build/tools/fontsmpl.dtx  
  inflating: build/tools/ftnright.dtx  
  inflating: build/tools/hhline.dtx  
  inflating: build/tools/indentfirst.dtx  
  inflating: build/tools/layout.dtx  
  inflating: build/tools/longtable.dtx  
  inflating: build/tools/manifest.txt  
  inflating: build/tools/multicol.dtx  
  inflating: build/tools/rawfonts.dtx  
  inflating: build/tools/readme.txt  
  inflating: build/tools/showkeys.dtx  
  inflating: build/tools/somedefs.dtx  
  inflating: build/tools/tabularx.dtx  
  inflating: build/tools/theorem.dtx  
  inflating: build/tools/tools.ins   
  inflating: build/tools/trace.dtx   
  inflating: build/tools/varioref.dtx  
  inflating: build/tools/verbatim.dtx  
  inflating: build/tools/xr.dtx      
  inflating: build/tools/xspace.dtx  
  inflating: build/tools/afterpage.pdf  
  inflating: build/tools/array.pdf   
  inflating: build/tools/bm.pdf      
  inflating: build/tools/calc.pdf    
  inflating: build/tools/dcolumn.pdf  
  inflating: build/tools/delarray.pdf  
  inflating: build/tools/enumerate.pdf  
  inflating: build/tools/fileerr.pdf  
  inflating: build/tools/fontsmpl.pdf  
  inflating: build/tools/ftnright.pdf  
  inflating: build/tools/hhline.pdf  
  inflating: build/tools/indentfirst.pdf  
  inflating: build/tools/layout.pdf  
  inflating: build/tools/longtable.pdf  
  inflating: build/tools/multicol.pdf  
  inflating: build/tools/rawfonts.pdf  
  inflating: build/tools/showkeys.pdf  
  inflating: build/tools/somedefs.pdf  
  inflating: build/tools/tabularx.pdf  
  inflating: build/tools/theorem.pdf  
  inflating: build/tools/trace.pdf   
  inflating: build/tools/varioref.pdf  
  inflating: build/tools/verbatim.pdf  
  inflating: build/tools/xr.pdf      
  inflating: build/tools/xspace.pdf  
  inflating: build/tools/README      
* system: unzip incoming/ams/amslatex.zip -dbuild/amslatex/texmf
Archive:  incoming/ams/amslatex.zip
  inflating: build/amslatex/texmf/bibtex/bst/ams/amsalpha.bst  
  inflating: build/amslatex/texmf/bibtex/bst/ams/amsplain.bst  
  inflating: build/amslatex/texmf/doc/latex/amscls/amsart.template  
  inflating: build/amslatex/texmf/doc/latex/amscls/amsbook.template  
  inflating: build/amslatex/texmf/doc/latex/amscls/amsproc.template  
  inflating: build/amslatex/texmf/doc/latex/amscls/amsthdoc.pdf  
  inflating: build/amslatex/texmf/doc/latex/amscls/diffs-c.txt  
  inflating: build/amslatex/texmf/doc/latex/amscls/instr-l.pdf  
  inflating: build/amslatex/texmf/doc/latex/amscls/thmtest.pdf  
  inflating: build/amslatex/texmf/doc/latex/amsmath/amsldoc.pdf  
  inflating: build/amslatex/texmf/doc/latex/amsmath/diffs-m.txt  
  inflating: build/amslatex/texmf/doc/latex/amsmath/subeqn.pdf  
  inflating: build/amslatex/texmf/doc/latex/amsmath/technote.pdf  
  inflating: build/amslatex/texmf/doc/latex/amsmath/testmath.pdf  
  inflating: build/amslatex/texmf/source/latex/amscls/00readme.txt  
  inflating: build/amslatex/texmf/source/latex/amscls/ams-c1.ins  
  inflating: build/amslatex/texmf/source/latex/amscls/amsalpha.bst  
  inflating: build/amslatex/texmf/source/latex/amscls/amsart.template  
  inflating: build/amslatex/texmf/source/latex/amscls/amsbook.template  
  inflating: build/amslatex/texmf/source/latex/amscls/amsclass.dtx  
  inflating: build/amslatex/texmf/source/latex/amscls/amsdtx.dtx  
  inflating: build/amslatex/texmf/source/latex/amscls/amsmidx.dtx  
  inflating: build/amslatex/texmf/source/latex/amscls/amsplain.bst  
  inflating: build/amslatex/texmf/source/latex/amscls/amsproc.template  
  inflating: build/amslatex/texmf/source/latex/amscls/amsthdoc.tex  
  inflating: build/amslatex/texmf/source/latex/amscls/diffs-c.txt  
  inflating: build/amslatex/texmf/source/latex/amscls/install.txt  
  inflating: build/amslatex/texmf/source/latex/amscls/instr-l.tex  
  inflating: build/amslatex/texmf/source/latex/amscls/manifest.txt  
  inflating: build/amslatex/texmf/source/latex/amscls/thmtest.tex  
  inflating: build/amslatex/texmf/source/latex/amscls/upref.dtx  
  inflating: build/amslatex/texmf/source/latex/amsltx2/00readme.txt  
  inflating: build/amslatex/texmf/source/latex/amsltx2/install.txt  
  inflating: build/amslatex/texmf/source/latex/amsmath/00readme.txt  
  inflating: build/amslatex/texmf/source/latex/amsmath/ams-m1.ins  
  inflating: build/amslatex/texmf/source/latex/amsmath/amsbsy.dtx  
  inflating: build/amslatex/texmf/source/latex/amsmath/amscd.dtx  
  inflating: build/amslatex/texmf/source/latex/amsmath/amsdtx.cls  
  inflating: build/amslatex/texmf/source/latex/amsmath/amsgen.dtx  
  inflating: build/amslatex/texmf/source/latex/amsmath/amsldoc.cls  
  inflating: build/amslatex/texmf/source/latex/amsmath/amsldoc.tex  
  inflating: build/amslatex/texmf/source/latex/amsmath/amsmath.dtx  
  inflating: build/amslatex/texmf/source/latex/amsmath/amsopn.dtx  
  inflating: build/amslatex/texmf/source/latex/amsmath/amstex.sty  
  inflating: build/amslatex/texmf/source/latex/amsmath/amstext.dtx  
  inflating: build/amslatex/texmf/source/latex/amsmath/amsxtra.dtx  
  inflating: build/amslatex/texmf/source/latex/amsmath/diffs-m.txt  
  inflating: build/amslatex/texmf/source/latex/amsmath/install.txt  
  inflating: build/amslatex/texmf/source/latex/amsmath/manifest.txt  
  inflating: build/amslatex/texmf/source/latex/amsmath/subeqn.tex  
  inflating: build/amslatex/texmf/source/latex/amsmath/technote.tex  
  inflating: build/amslatex/texmf/source/latex/amsmath/testmath.tex  
  inflating: build/amslatex/texmf/tex/latex/amscls/amsart.cls  
  inflating: build/amslatex/texmf/tex/latex/amscls/amsbook.cls  
  inflating: build/amslatex/texmf/tex/latex/amscls/amsdtx.cls  
  inflating: build/amslatex/texmf/tex/latex/amscls/amsmidx.sty  
  inflating: build/amslatex/texmf/tex/latex/amscls/amsproc.cls  
  inflating: build/amslatex/texmf/tex/latex/amscls/amsthm.sty  
  inflating: build/amslatex/texmf/tex/latex/amscls/upref.sty  
  inflating: build/amslatex/texmf/tex/latex/amsmath/amsbsy.sty  
  inflating: build/amslatex/texmf/tex/latex/amsmath/amscd.sty  
  inflating: build/amslatex/texmf/tex/latex/amsmath/amsgen.sty  
  inflating: build/amslatex/texmf/tex/latex/amsmath/amsmath.sty  
  inflating: build/amslatex/texmf/tex/latex/amsmath/amsopn.sty  
  inflating: build/amslatex/texmf/tex/latex/amsmath/amstex.sty  
  inflating: build/amslatex/texmf/tex/latex/amsmath/amstext.sty  
  inflating: build/amslatex/texmf/tex/latex/amsmath/amsxtra.sty  
* system: unzip incoming/ams/amsrefs.zip -dbuild/amslatex/texmf
Archive:  incoming/ams/amsrefs.zip
See 00readme.txt and install.txt for unpacking instructions.
   creating: build/amslatex/texmf/bibtex/bib/
   creating: build/amslatex/texmf/bibtex/bib/ams/
  inflating: build/amslatex/texmf/bibtex/bst/ams/amsrn.bst  
  inflating: build/amslatex/texmf/bibtex/bst/ams/amsru.bst  
  inflating: build/amslatex/texmf/bibtex/bst/ams/amsra.bst  
  inflating: build/amslatex/texmf/bibtex/bst/ams/amsry.bst  
  inflating: build/amslatex/texmf/bibtex/bst/ams/amsrs.bst  
  inflating: build/amslatex/texmf/doc/latex/amscls/amsrefs.faq  
  inflating: build/amslatex/texmf/doc/latex/amscls/amsrefs.dvi  
  inflating: build/amslatex/texmf/doc/latex/amscls/textcmds.dvi  
  inflating: build/amslatex/texmf/doc/latex/amscls/cite-xa.tex  
  inflating: build/amslatex/texmf/doc/latex/amscls/cite-xb.tex  
  inflating: build/amslatex/texmf/doc/latex/amscls/cite-xh.tex  
  inflating: build/amslatex/texmf/doc/latex/amscls/cite-xs.tex  
  inflating: build/amslatex/texmf/doc/latex/amscls/gktest.ltb  
  inflating: build/amslatex/texmf/doc/latex/amscls/jr.bib  
   creating: build/amslatex/texmf/source/latex/amsrefs/
  inflating: build/amslatex/texmf/source/latex/amsrefs/00readme.txt  
  inflating: build/amslatex/texmf/source/latex/amsrefs/install.txt  
  inflating: build/amslatex/texmf/source/latex/amsrefs/manifest.txt  
  inflating: build/amslatex/texmf/source/latex/amsrefs/amsrefs.faq  
  inflating: build/amslatex/texmf/source/latex/amsrefs/amsrefs.dvi  
  inflating: build/amslatex/texmf/source/latex/amsrefs/textcmds.dvi  
  inflating: build/amslatex/texmf/source/latex/amsrefs/cite-xa.tex  
  inflating: build/amslatex/texmf/source/latex/amsrefs/cite-xb.tex  
  inflating: build/amslatex/texmf/source/latex/amsrefs/cite-xh.tex  
  inflating: build/amslatex/texmf/source/latex/amsrefs/cite-xs.tex  
  inflating: build/amslatex/texmf/source/latex/amsrefs/gktest.ltb  
  inflating: build/amslatex/texmf/source/latex/amsrefs/jr.bib  
  inflating: build/amslatex/texmf/source/latex/amsrefs/amsrefs.dtx  
  inflating: build/amslatex/texmf/source/latex/amsrefs/pcatcode.dtx  
  inflating: build/amslatex/texmf/source/latex/amsrefs/ifoption.dtx  
  inflating: build/amslatex/texmf/source/latex/amsrefs/rkeyval.dtx  
  inflating: build/amslatex/texmf/source/latex/amsrefs/textcmds.dtx  
  inflating: build/amslatex/texmf/source/latex/amsrefs/amsxport.dtx  
  inflating: build/amslatex/texmf/source/latex/amsrefs/mathscinet.dtx  
  inflating: build/amslatex/texmf/source/latex/amsrefs/ams-r1.ins  
  inflating: build/amslatex/texmf/tex/latex/amscls/amsrefs.sty  
  inflating: build/amslatex/texmf/tex/latex/amscls/pcatcode.sty  
  inflating: build/amslatex/texmf/tex/latex/amscls/ifoption.sty  
  inflating: build/amslatex/texmf/tex/latex/amscls/rkeyval.sty  
  inflating: build/amslatex/texmf/tex/latex/amscls/textcmds.sty  
  inflating: build/amslatex/texmf/tex/latex/amscls/mathscinet.sty  
  inflating: build/amslatex/texmf/tex/latex/amscls/amsrbeta.sty  
  inflating: build/amslatex/texmf/tex/latex/amscls/rkvbeta.sty  
  inflating: build/amslatex/texmf/doc/latex/amscls/amsrefs.pdf  
  inflating: build/amslatex/texmf/doc/latex/amscls/textcmds.pdf  
  inflating: build/amslatex/texmf/doc/latex/amscls/mathscinet.pdf  
  inflating: build/amslatex/texmf/doc/latex/amscls/amsrdoc.pdf  
  inflating: build/amslatex/texmf/doc/latex/amscls/changes.pdf  
  inflating: build/amslatex/texmf/source/latex/amsrefs/amsrefs.pdf  
  inflating: build/amslatex/texmf/source/latex/amsrefs/textcmds.pdf  
  inflating: build/amslatex/texmf/source/latex/amsrefs/mathscinet.pdf  
  inflating: build/amslatex/texmf/source/latex/amsrefs/amsrdoc.pdf  
  inflating: build/amslatex/texmf/source/latex/amsrefs/changes.pdf  
* system: unzip build/psnfss/lw35nfss.zip -dbuild/psnfss/texmf
Archive:  build/psnfss/lw35nfss.zip
  inflating: build/psnfss/texmf/fonts/tfm/adobe/avantgar/pagd7t.tfm  
  inflating: build/psnfss/texmf/fonts/tfm/adobe/avantgar/pagd8c.tfm  
  inflating: build/psnfss/texmf/fonts/tfm/adobe/avantgar/pagd8r.tfm  
  inflating: build/psnfss/texmf/fonts/tfm/adobe/avantgar/pagd8t.tfm  
  inflating: build/psnfss/texmf/fonts/tfm/adobe/avantgar/pagdc7t.tfm  
  inflating: build/psnfss/texmf/fonts/tfm/adobe/avantgar/pagdc8t.tfm  
  inflating: build/psnfss/texmf/fonts/tfm/adobe/avantgar/pagdo7t.tfm  
  inflating: build/psnfss/texmf/fonts/tfm/adobe/avantgar/pagdo8c.tfm  
  inflating: build/psnfss/texmf/fonts/tfm/adobe/avantgar/pagdo8r.tfm  
  inflating: build/psnfss/texmf/fonts/tfm/adobe/avantgar/pagdo8t.tfm  
  inflating: build/psnfss/texmf/fonts/tfm/adobe/avantgar/pagk7t.tfm  
  inflating: build/psnfss/texmf/fonts/tfm/adobe/avantgar/pagk8c.tfm  
  inflating: build/psnfss/texmf/fonts/tfm/adobe/avantgar/pagk8r.tfm  
  inflating: build/psnfss/texmf/fonts/tfm/adobe/avantgar/pagk8t.tfm  
  inflating: build/psnfss/texmf/fonts/tfm/adobe/avantgar/pagkc7t.tfm  
  inflating: build/psnfss/texmf/fonts/tfm/adobe/avantgar/pagkc8t.tfm  
  inflating: build/psnfss/texmf/fonts/tfm/adobe/avantgar/pagko7t.tfm  
  inflating: build/psnfss/texmf/fonts/tfm/adobe/avantgar/pagko8c.tfm  
  inflating: build/psnfss/texmf/fonts/tfm/adobe/avantgar/pagko8r.tfm  
  inflating: build/psnfss/texmf/fonts/tfm/adobe/avantgar/pagko8t.tfm  
  inflating: build/psnfss/texmf/fonts/tfm/adobe/bookman/pbkd7t.tfm  
  inflating: build/psnfss/texmf/fonts/tfm/adobe/bookman/pbkd8c.tfm  
  inflating: build/psnfss/texmf/fonts/tfm/adobe/bookman/pbkd8r.tfm  
  inflating: build/psnfss/texmf/fonts/tfm/adobe/bookman/pbkd8t.tfm  
  inflating: build/psnfss/texmf/fonts/tfm/adobe/bookman/pbkdc7t.tfm  
  inflating: build/psnfss/texmf/fonts/tfm/adobe/bookman/pbkdc8t.tfm  
  inflating: build/psnfss/texmf/fonts/tfm/adobe/bookman/pbkdi7t.tfm  
  inflating: build/psnfss/texmf/fonts/tfm/adobe/bookman/pbkdi8c.tfm  
  inflating: build/psnfss/texmf/fonts/tfm/adobe/bookman/pbkdi8r.tfm  
  inflating: build/psnfss/texmf/fonts/tfm/adobe/bookman/pbkdi8t.tfm  
  inflating: build/psnfss/texmf/fonts/tfm/adobe/bookman/pbkdo7t.tfm  
  inflating: build/psnfss/texmf/fonts/tfm/adobe/bookman/pbkdo8c.tfm  
  inflating: build/psnfss/texmf/fonts/tfm/adobe/bookman/pbkdo8r.tfm  
  inflating: build/psnfss/texmf/fonts/tfm/adobe/bookman/pbkdo8t.tfm  
  inflating: build/psnfss/texmf/fonts/tfm/adobe/bookman/pbkl7t.tfm  
  inflating: build/psnfss/texmf/fonts/tfm/adobe/bookman/pbkl8c.tfm  
  inflating: build/psnfss/texmf/fonts/tfm/adobe/bookman/pbkl8r.tfm  
  inflating: build/psnfss/texmf/fonts/tfm/adobe/bookman/pbkl8t.tfm  
  inflating: build/psnfss/texmf/fonts/tfm/adobe/bookman/pbklc7t.tfm  
  inflating: build/psnfss/texmf/fonts/tfm/adobe/bookman/pbklc8t.tfm  
  inflating: build/psnfss/texmf/fonts/tfm/adobe/bookman/pbkli7t.tfm  
  inflating: build/psnfss/texmf/fonts/tfm/adobe/bookman/pbkli8c.tfm  
  inflating: build/psnfss/texmf/fonts/tfm/adobe/bookman/pbkli8r.tfm  
  inflating: build/psnfss/texmf/fonts/tfm/adobe/bookman/pbkli8t.tfm  
  inflating: build/psnfss/texmf/fonts/tfm/adobe/bookman/pbklo7t.tfm  
  inflating: build/psnfss/texmf/fonts/tfm/adobe/bookman/pbklo8c.tfm  
  inflating: build/psnfss/texmf/fonts/tfm/adobe/bookman/pbklo8r.tfm  
  inflating: build/psnfss/texmf/fonts/tfm/adobe/bookman/pbklo8t.tfm  
  inflating: build/psnfss/texmf/fonts/tfm/adobe/courier/pcrb7t.tfm  
  inflating: build/psnfss/texmf/fonts/tfm/adobe/courier/pcrb8c.tfm  
  inflating: build/psnfss/texmf/fonts/tfm/adobe/courier/pcrb8r.tfm  
  inflating: build/psnfss/texmf/fonts/tfm/adobe/courier/pcrb8t.tfm  
  inflating: build/psnfss/texmf/fonts/tfm/adobe/courier/pcrbc7t.tfm  
  inflating: build/psnfss/texmf/fonts/tfm/adobe/courier/pcrbc8t.tfm  
  inflating: build/psnfss/texmf/fonts/tfm/adobe/courier/pcrbo7t.tfm  
  inflating: build/psnfss/texmf/fonts/tfm/adobe/courier/pcrbo8c.tfm  
  inflating: build/psnfss/texmf/fonts/tfm/adobe/courier/pcrbo8r.tfm  
  inflating: build/psnfss/texmf/fonts/tfm/adobe/courier/pcrbo8t.tfm  
  inflating: build/psnfss/texmf/fonts/tfm/adobe/courier/pcrr7t.tfm  
  inflating: build/psnfss/texmf/fonts/tfm/adobe/courier/pcrr8c.tfm  
  inflating: build/psnfss/texmf/fonts/tfm/adobe/courier/pcrr8r.tfm  
  inflating: build/psnfss/texmf/fonts/tfm/adobe/courier/pcrr8t.tfm  
  inflating: build/psnfss/texmf/fonts/tfm/adobe/courier/pcrrc7t.tfm  
  inflating: build/psnfss/texmf/fonts/tfm/adobe/courier/pcrrc8t.tfm  
  inflating: build/psnfss/texmf/fonts/tfm/adobe/courier/pcrro7t.tfm  
  inflating: build/psnfss/texmf/fonts/tfm/adobe/courier/pcrro8c.tfm  
  inflating: build/psnfss/texmf/fonts/tfm/adobe/courier/pcrro8r.tfm  
  inflating: build/psnfss/texmf/fonts/tfm/adobe/courier/pcrro8t.tfm  
  inflating: build/psnfss/texmf/fonts/tfm/adobe/helvetic/phvb7t.tfm  
  inflating: build/psnfss/texmf/fonts/tfm/adobe/helvetic/phvb7tn.tfm  
  inflating: build/psnfss/texmf/fonts/tfm/adobe/helvetic/phvb8c.tfm  
  inflating: build/psnfss/texmf/fonts/tfm/adobe/helvetic/phvb8cn.tfm  
  inflating: build/psnfss/texmf/fonts/tfm/adobe/helvetic/phvb8r.tfm  
  inflating: build/psnfss/texmf/fonts/tfm/adobe/helvetic/phvb8rn.tfm  
  inflating: build/psnfss/texmf/fonts/tfm/adobe/helvetic/phvb8t.tfm  
  inflating: build/psnfss/texmf/fonts/tfm/adobe/helvetic/phvb8tn.tfm  
  inflating: build/psnfss/texmf/fonts/tfm/adobe/helvetic/phvbc7t.tfm  
  inflating: build/psnfss/texmf/fonts/tfm/adobe/helvetic/phvbc7tn.tfm  
  inflating: build/psnfss/texmf/fonts/tfm/adobe/helvetic/phvbc8t.tfm  
  inflating: build/psnfss/texmf/fonts/tfm/adobe/helvetic/phvbc8tn.tfm  
  inflating: build/psnfss/texmf/fonts/tfm/adobe/helvetic/phvbo7t.tfm  
  inflating: build/psnfss/texmf/fonts/tfm/adobe/helvetic/phvbo7tn.tfm  
  inflating: build/psnfss/texmf/fonts/tfm/adobe/helvetic/phvbo8c.tfm  
  inflating: build/psnfss/texmf/fonts/tfm/adobe/helvetic/phvbo8cn.tfm  
  inflating: build/psnfss/texmf/fonts/tfm/adobe/helvetic/phvbo8r.tfm  
  inflating: build/psnfss/texmf/fonts/tfm/adobe/helvetic/phvbo8rn.tfm  
  inflating: build/psnfss/texmf/fonts/tfm/adobe/helvetic/phvbo8t.tfm  
  inflating: build/psnfss/texmf/fonts/tfm/adobe/helvetic/phvbo8tn.tfm  
  inflating: build/psnfss/texmf/fonts/tfm/adobe/helvetic/phvr7t.tfm  
  inflating: build/psnfss/texmf/fonts/tfm/adobe/helvetic/phvr7tn.tfm  
  inflating: build/psnfss/texmf/fonts/tfm/adobe/helvetic/phvr8c.tfm  
  inflating: build/psnfss/texmf/fonts/tfm/adobe/helvetic/phvr8cn.tfm  
  inflating: build/psnfss/texmf/fonts/tfm/adobe/helvetic/phvr8r.tfm  
  inflating: build/psnfss/texmf/fonts/tfm/adobe/helvetic/phvr8rn.tfm  
  inflating: build/psnfss/texmf/fonts/tfm/adobe/helvetic/phvr8t.tfm  
  inflating: build/psnfss/texmf/fonts/tfm/adobe/helvetic/phvr8tn.tfm  
  inflating: build/psnfss/texmf/fonts/tfm/adobe/helvetic/phvrc7t.tfm  
  inflating: build/psnfss/texmf/fonts/tfm/adobe/helvetic/phvrc7tn.tfm  
  inflating: build/psnfss/texmf/fonts/tfm/adobe/helvetic/phvrc8t.tfm  
  inflating: build/psnfss/texmf/fonts/tfm/adobe/helvetic/phvrc8tn.tfm  
  inflating: build/psnfss/texmf/fonts/tfm/adobe/helvetic/phvro7t.tfm  
  inflating: build/psnfss/texmf/fonts/tfm/adobe/helvetic/phvro7tn.tfm  
  inflating: build/psnfss/texmf/fonts/tfm/adobe/helvetic/phvro8c.tfm  
  inflating: build/psnfss/texmf/fonts/tfm/adobe/helvetic/phvro8cn.tfm  
  inflating: build/psnfss/texmf/fonts/tfm/adobe/helvetic/phvro8r.tfm  
  inflating: build/psnfss/texmf/fonts/tfm/adobe/helvetic/phvro8rn.tfm  
  inflating: build/psnfss/texmf/fonts/tfm/adobe/helvetic/phvro8t.tfm  
  inflating: build/psnfss/texmf/fonts/tfm/adobe/helvetic/phvro8tn.tfm  
  inflating: build/psnfss/texmf/fonts/tfm/adobe/ncntrsbk/pncb7t.tfm  
  inflating: build/psnfss/texmf/fonts/tfm/adobe/ncntrsbk/pncb8c.tfm  
  inflating: build/psnfss/texmf/fonts/tfm/adobe/ncntrsbk/pncb8r.tfm  
  inflating: build/psnfss/texmf/fonts/tfm/adobe/ncntrsbk/pncb8t.tfm  
  inflating: build/psnfss/texmf/fonts/tfm/adobe/ncntrsbk/pncbc7t.tfm  
  inflating: build/psnfss/texmf/fonts/tfm/adobe/ncntrsbk/pncbc8t.tfm  
  inflating: build/psnfss/texmf/fonts/tfm/adobe/ncntrsbk/pncbi7t.tfm  
  inflating: build/psnfss/texmf/fonts/tfm/adobe/ncntrsbk/pncbi8c.tfm  
  inflating: build/psnfss/texmf/fonts/tfm/adobe/ncntrsbk/pncbi8r.tfm  
  inflating: build/psnfss/texmf/fonts/tfm/adobe/ncntrsbk/pncbi8t.tfm  
  inflating: build/psnfss/texmf/fonts/tfm/adobe/ncntrsbk/pncbo7t.tfm  
  inflating: build/psnfss/texmf/fonts/tfm/adobe/ncntrsbk/pncbo8c.tfm  
  inflating: build/psnfss/texmf/fonts/tfm/adobe/ncntrsbk/pncbo8r.tfm  
  inflating: build/psnfss/texmf/fonts/tfm/adobe/ncntrsbk/pncbo8t.tfm  
  inflating: build/psnfss/texmf/fonts/tfm/adobe/ncntrsbk/pncr7t.tfm  
  inflating: build/psnfss/texmf/fonts/tfm/adobe/ncntrsbk/pncr8c.tfm  
  inflating: build/psnfss/texmf/fonts/tfm/adobe/ncntrsbk/pncr8r.tfm  
  inflating: build/psnfss/texmf/fonts/tfm/adobe/ncntrsbk/pncr8t.tfm  
  inflating: build/psnfss/texmf/fonts/tfm/adobe/ncntrsbk/pncrc7t.tfm  
  inflating: build/psnfss/texmf/fonts/tfm/adobe/ncntrsbk/pncrc8t.tfm  
  inflating: build/psnfss/texmf/fonts/tfm/adobe/ncntrsbk/pncri7t.tfm  
  inflating: build/psnfss/texmf/fonts/tfm/adobe/ncntrsbk/pncri8c.tfm  
  inflating: build/psnfss/texmf/fonts/tfm/adobe/ncntrsbk/pncri8r.tfm  
  inflating: build/psnfss/texmf/fonts/tfm/adobe/ncntrsbk/pncri8t.tfm  
  inflating: build/psnfss/texmf/fonts/tfm/adobe/ncntrsbk/pncro7t.tfm  
  inflating: build/psnfss/texmf/fonts/tfm/adobe/ncntrsbk/pncro8c.tfm  
  inflating: build/psnfss/texmf/fonts/tfm/adobe/ncntrsbk/pncro8r.tfm  
  inflating: build/psnfss/texmf/fonts/tfm/adobe/ncntrsbk/pncro8t.tfm  
  inflating: build/psnfss/texmf/fonts/tfm/adobe/palatino/eurbo10.tfm  
  inflating: build/psnfss/texmf/fonts/tfm/adobe/palatino/eurmo10.tfm  
  inflating: build/psnfss/texmf/fonts/tfm/adobe/palatino/pplb7t.tfm  
  inflating: build/psnfss/texmf/fonts/tfm/adobe/palatino/pplb8c.tfm  
  inflating: build/psnfss/texmf/fonts/tfm/adobe/palatino/pplb8r.tfm  
  inflating: build/psnfss/texmf/fonts/tfm/adobe/palatino/pplb8t.tfm  
  inflating: build/psnfss/texmf/fonts/tfm/adobe/palatino/pplbc7t.tfm  
  inflating: build/psnfss/texmf/fonts/tfm/adobe/palatino/pplbc8t.tfm  
  inflating: build/psnfss/texmf/fonts/tfm/adobe/palatino/pplbi7t.tfm  
  inflating: build/psnfss/texmf/fonts/tfm/adobe/palatino/pplbi8c.tfm  
  inflating: build/psnfss/texmf/fonts/tfm/adobe/palatino/pplbi8r.tfm  
  inflating: build/psnfss/texmf/fonts/tfm/adobe/palatino/pplbi8t.tfm  
  inflating: build/psnfss/texmf/fonts/tfm/adobe/palatino/pplbo7t.tfm  
  inflating: build/psnfss/texmf/fonts/tfm/adobe/palatino/pplbo8c.tfm  
  inflating: build/psnfss/texmf/fonts/tfm/adobe/palatino/pplbo8r.tfm  
  inflating: build/psnfss/texmf/fonts/tfm/adobe/palatino/pplbo8t.tfm  
  inflating: build/psnfss/texmf/fonts/tfm/adobe/palatino/pplr7t.tfm  
  inflating: build/psnfss/texmf/fonts/tfm/adobe/palatino/pplr8c.tfm  
  inflating: build/psnfss/texmf/fonts/tfm/adobe/palatino/pplr8r.tfm  
  inflating: build/psnfss/texmf/fonts/tfm/adobe/palatino/pplr8t.tfm  
  inflating: build/psnfss/texmf/fonts/tfm/adobe/palatino/pplrc7t.tfm  
  inflating: build/psnfss/texmf/fonts/tfm/adobe/palatino/pplrc8t.tfm  
  inflating: build/psnfss/texmf/fonts/tfm/adobe/palatino/pplri7t.tfm  
  inflating: build/psnfss/texmf/fonts/tfm/adobe/palatino/pplri8c.tfm  
  inflating: build/psnfss/texmf/fonts/tfm/adobe/palatino/pplri8r.tfm  
  inflating: build/psnfss/texmf/fonts/tfm/adobe/palatino/pplri8t.tfm  
  inflating: build/psnfss/texmf/fonts/tfm/adobe/palatino/pplro7t.tfm  
  inflating: build/psnfss/texmf/fonts/tfm/adobe/palatino/pplro8c.tfm  
  inflating: build/psnfss/texmf/fonts/tfm/adobe/palatino/pplro8r.tfm  
  inflating: build/psnfss/texmf/fonts/tfm/adobe/palatino/pplro8t.tfm  
  inflating: build/psnfss/texmf/fonts/tfm/adobe/palatino/zppleb7m.tfm  
  inflating: build/psnfss/texmf/fonts/tfm/adobe/palatino/zppleb7t.tfm  
  inflating: build/psnfss/texmf/fonts/tfm/adobe/palatino/zppleb7y.tfm  
  inflating: build/psnfss/texmf/fonts/tfm/adobe/palatino/zppler7m.tfm  
  inflating: build/psnfss/texmf/fonts/tfm/adobe/palatino/zppler7t.tfm  
  inflating: build/psnfss/texmf/fonts/tfm/adobe/palatino/zppler7v.tfm  
  inflating: build/psnfss/texmf/fonts/tfm/adobe/palatino/zppler7y.tfm  
   creating: build/psnfss/texmf/fonts/tfm/adobe/symbol/
  inflating: build/psnfss/texmf/fonts/tfm/adobe/symbol/psyr.tfm  
  inflating: build/psnfss/texmf/fonts/tfm/adobe/times/psyro.tfm  
  inflating: build/psnfss/texmf/fonts/tfm/adobe/times/ptmb7t.tfm  
  inflating: build/psnfss/texmf/fonts/tfm/adobe/times/ptmb8c.tfm  
  inflating: build/psnfss/texmf/fonts/tfm/adobe/times/ptmb8r.tfm  
  inflating: build/psnfss/texmf/fonts/tfm/adobe/times/ptmb8t.tfm  
  inflating: build/psnfss/texmf/fonts/tfm/adobe/times/ptmbc7t.tfm  
  inflating: build/psnfss/texmf/fonts/tfm/adobe/times/ptmbc8t.tfm  
  inflating: build/psnfss/texmf/fonts/tfm/adobe/times/ptmbi7t.tfm  
  inflating: build/psnfss/texmf/fonts/tfm/adobe/times/ptmbi8c.tfm  
  inflating: build/psnfss/texmf/fonts/tfm/adobe/times/ptmbi8r.tfm  
  inflating: build/psnfss/texmf/fonts/tfm/adobe/times/ptmbi8t.tfm  
  inflating: build/psnfss/texmf/fonts/tfm/adobe/times/ptmbo7t.tfm  
  inflating: build/psnfss/texmf/fonts/tfm/adobe/times/ptmbo8c.tfm  
  inflating: build/psnfss/texmf/fonts/tfm/adobe/times/ptmbo8r.tfm  
  inflating: build/psnfss/texmf/fonts/tfm/adobe/times/ptmbo8t.tfm  
  inflating: build/psnfss/texmf/fonts/tfm/adobe/times/ptmr7t.tfm  
  inflating: build/psnfss/texmf/fonts/tfm/adobe/times/ptmr8c.tfm  
  inflating: build/psnfss/texmf/fonts/tfm/adobe/times/ptmr8r.tfm  
  inflating: build/psnfss/texmf/fonts/tfm/adobe/times/ptmr8t.tfm  
  inflating: build/psnfss/texmf/fonts/tfm/adobe/times/ptmrc7t.tfm  
  inflating: build/psnfss/texmf/fonts/tfm/adobe/times/ptmrc8t.tfm  
  inflating: build/psnfss/texmf/fonts/tfm/adobe/times/ptmri7t.tfm  
  inflating: build/psnfss/texmf/fonts/tfm/adobe/times/ptmri8c.tfm  
  inflating: build/psnfss/texmf/fonts/tfm/adobe/times/ptmri8r.tfm  
  inflating: build/psnfss/texmf/fonts/tfm/adobe/times/ptmri8t.tfm  
  inflating: build/psnfss/texmf/fonts/tfm/adobe/times/ptmro7t.tfm  
  inflating: build/psnfss/texmf/fonts/tfm/adobe/times/ptmro8c.tfm  
  inflating: build/psnfss/texmf/fonts/tfm/adobe/times/ptmro8r.tfm  
  inflating: build/psnfss/texmf/fonts/tfm/adobe/times/ptmro8t.tfm  
  inflating: build/psnfss/texmf/fonts/tfm/adobe/times/zpsycmrv.tfm  
  inflating: build/psnfss/texmf/fonts/tfm/adobe/times/zptmcm7m.tfm  
  inflating: build/psnfss/texmf/fonts/tfm/adobe/times/zptmcm7t.tfm  
  inflating: build/psnfss/texmf/fonts/tfm/adobe/times/zptmcm7v.tfm  
  inflating: build/psnfss/texmf/fonts/tfm/adobe/times/zptmcm7y.tfm  
  inflating: build/psnfss/texmf/fonts/tfm/adobe/times/zptmcmr.tfm  
  inflating: build/psnfss/texmf/fonts/tfm/adobe/times/zptmcmrm.tfm  
  inflating: build/psnfss/texmf/fonts/tfm/adobe/times/zpzccmry.tfm  
  inflating: build/psnfss/texmf/fonts/tfm/adobe/zapfchan/pzcmi7t.tfm  
  inflating: build/psnfss/texmf/fonts/tfm/adobe/zapfchan/pzcmi8c.tfm  
  inflating: build/psnfss/texmf/fonts/tfm/adobe/zapfchan/pzcmi8r.tfm  
  inflating: build/psnfss/texmf/fonts/tfm/adobe/zapfchan/pzcmi8t.tfm  
   creating: build/psnfss/texmf/fonts/tfm/adobe/zapfding/
  inflating: build/psnfss/texmf/fonts/tfm/adobe/zapfding/pzdr.tfm  
   creating: build/psnfss/texmf/fonts/vf/adobe/avantgar/
  inflating: build/psnfss/texmf/fonts/vf/adobe/avantgar/pagd7t.vf  
  inflating: build/psnfss/texmf/fonts/vf/adobe/avantgar/pagd8c.vf  
  inflating: build/psnfss/texmf/fonts/vf/adobe/avantgar/pagd8t.vf  
  inflating: build/psnfss/texmf/fonts/vf/adobe/avantgar/pagdc7t.vf  
  inflating: build/psnfss/texmf/fonts/vf/adobe/avantgar/pagdc8t.vf  
  inflating: build/psnfss/texmf/fonts/vf/adobe/avantgar/pagdo7t.vf  
  inflating: build/psnfss/texmf/fonts/vf/adobe/avantgar/pagdo8c.vf  
  inflating: build/psnfss/texmf/fonts/vf/adobe/avantgar/pagdo8t.vf  
  inflating: build/psnfss/texmf/fonts/vf/adobe/avantgar/pagk7t.vf  
  inflating: build/psnfss/texmf/fonts/vf/adobe/avantgar/pagk8c.vf  
  inflating: build/psnfss/texmf/fonts/vf/adobe/avantgar/pagk8t.vf  
  inflating: build/psnfss/texmf/fonts/vf/adobe/avantgar/pagkc7t.vf  
  inflating: build/psnfss/texmf/fonts/vf/adobe/avantgar/pagkc8t.vf  
  inflating: build/psnfss/texmf/fonts/vf/adobe/avantgar/pagko7t.vf  
  inflating: build/psnfss/texmf/fonts/vf/adobe/avantgar/pagko8c.vf  
  inflating: build/psnfss/texmf/fonts/vf/adobe/avantgar/pagko8t.vf  
   creating: build/psnfss/texmf/fonts/vf/adobe/bookman/
  inflating: build/psnfss/texmf/fonts/vf/adobe/bookman/pbkd7t.vf  
  inflating: build/psnfss/texmf/fonts/vf/adobe/bookman/pbkd8c.vf  
  inflating: build/psnfss/texmf/fonts/vf/adobe/bookman/pbkd8t.vf  
  inflating: build/psnfss/texmf/fonts/vf/adobe/bookman/pbkdc7t.vf  
  inflating: build/psnfss/texmf/fonts/vf/adobe/bookman/pbkdc8t.vf  
  inflating: build/psnfss/texmf/fonts/vf/adobe/bookman/pbkdi7t.vf  
  inflating: build/psnfss/texmf/fonts/vf/adobe/bookman/pbkdi8c.vf  
  inflating: build/psnfss/texmf/fonts/vf/adobe/bookman/pbkdi8t.vf  
  inflating: build/psnfss/texmf/fonts/vf/adobe/bookman/pbkdo7t.vf  
  inflating: build/psnfss/texmf/fonts/vf/adobe/bookman/pbkdo8c.vf  
  inflating: build/psnfss/texmf/fonts/vf/adobe/bookman/pbkdo8t.vf  
  inflating: build/psnfss/texmf/fonts/vf/adobe/bookman/pbkl7t.vf  
  inflating: build/psnfss/texmf/fonts/vf/adobe/bookman/pbkl8c.vf  
  inflating: build/psnfss/texmf/fonts/vf/adobe/bookman/pbkl8t.vf  
  inflating: build/psnfss/texmf/fonts/vf/adobe/bookman/pbklc7t.vf  
  inflating: build/psnfss/texmf/fonts/vf/adobe/bookman/pbklc8t.vf  
  inflating: build/psnfss/texmf/fonts/vf/adobe/bookman/pbkli7t.vf  
  inflating: build/psnfss/texmf/fonts/vf/adobe/bookman/pbkli8c.vf  
  inflating: build/psnfss/texmf/fonts/vf/adobe/bookman/pbkli8t.vf  
  inflating: build/psnfss/texmf/fonts/vf/adobe/bookman/pbklo7t.vf  
  inflating: build/psnfss/texmf/fonts/vf/adobe/bookman/pbklo8c.vf  
  inflating: build/psnfss/texmf/fonts/vf/adobe/bookman/pbklo8t.vf  
   creating: build/psnfss/texmf/fonts/vf/adobe/courier/
  inflating: build/psnfss/texmf/fonts/vf/adobe/courier/pcrb7t.vf  
  inflating: build/psnfss/texmf/fonts/vf/adobe/courier/pcrb8c.vf  
  inflating: build/psnfss/texmf/fonts/vf/adobe/courier/pcrb8t.vf  
  inflating: build/psnfss/texmf/fonts/vf/adobe/courier/pcrbc7t.vf  
  inflating: build/psnfss/texmf/fonts/vf/adobe/courier/pcrbc8t.vf  
  inflating: build/psnfss/texmf/fonts/vf/adobe/courier/pcrbo7t.vf  
  inflating: build/psnfss/texmf/fonts/vf/adobe/courier/pcrbo8c.vf  
  inflating: build/psnfss/texmf/fonts/vf/adobe/courier/pcrbo8t.vf  
  inflating: build/psnfss/texmf/fonts/vf/adobe/courier/pcrr7t.vf  
  inflating: build/psnfss/texmf/fonts/vf/adobe/courier/pcrr8c.vf  
  inflating: build/psnfss/texmf/fonts/vf/adobe/courier/pcrr8t.vf  
  inflating: build/psnfss/texmf/fonts/vf/adobe/courier/pcrrc7t.vf  
  inflating: build/psnfss/texmf/fonts/vf/adobe/courier/pcrrc8t.vf  
  inflating: build/psnfss/texmf/fonts/vf/adobe/courier/pcrro7t.vf  
  inflating: build/psnfss/texmf/fonts/vf/adobe/courier/pcrro8c.vf  
  inflating: build/psnfss/texmf/fonts/vf/adobe/courier/pcrro8t.vf  
   creating: build/psnfss/texmf/fonts/vf/adobe/helvetic/
  inflating: build/psnfss/texmf/fonts/vf/adobe/helvetic/phvb7t.vf  
  inflating: build/psnfss/texmf/fonts/vf/adobe/helvetic/phvb7tn.vf  
  inflating: build/psnfss/texmf/fonts/vf/adobe/helvetic/phvb8c.vf  
  inflating: build/psnfss/texmf/fonts/vf/adobe/helvetic/phvb8cn.vf  
  inflating: build/psnfss/texmf/fonts/vf/adobe/helvetic/phvb8t.vf  
  inflating: build/psnfss/texmf/fonts/vf/adobe/helvetic/phvb8tn.vf  
  inflating: build/psnfss/texmf/fonts/vf/adobe/helvetic/phvbc7t.vf  
  inflating: build/psnfss/texmf/fonts/vf/adobe/helvetic/phvbc7tn.vf  
  inflating: build/psnfss/texmf/fonts/vf/adobe/helvetic/phvbc8t.vf  
  inflating: build/psnfss/texmf/fonts/vf/adobe/helvetic/phvbc8tn.vf  
  inflating: build/psnfss/texmf/fonts/vf/adobe/helvetic/phvbo7t.vf  
  inflating: build/psnfss/texmf/fonts/vf/adobe/helvetic/phvbo7tn.vf  
  inflating: build/psnfss/texmf/fonts/vf/adobe/helvetic/phvbo8c.vf  
  inflating: build/psnfss/texmf/fonts/vf/adobe/helvetic/phvbo8cn.vf  
  inflating: build/psnfss/texmf/fonts/vf/adobe/helvetic/phvbo8t.vf  
  inflating: build/psnfss/texmf/fonts/vf/adobe/helvetic/phvbo8tn.vf  
  inflating: build/psnfss/texmf/fonts/vf/adobe/helvetic/phvr7t.vf  
  inflating: build/psnfss/texmf/fonts/vf/adobe/helvetic/phvr7tn.vf  
  inflating: build/psnfss/texmf/fonts/vf/adobe/helvetic/phvr8c.vf  
  inflating: build/psnfss/texmf/fonts/vf/adobe/helvetic/phvr8cn.vf  
  inflating: build/psnfss/texmf/fonts/vf/adobe/helvetic/phvr8t.vf  
  inflating: build/psnfss/texmf/fonts/vf/adobe/helvetic/phvr8tn.vf  
  inflating: build/psnfss/texmf/fonts/vf/adobe/helvetic/phvrc7t.vf  
  inflating: build/psnfss/texmf/fonts/vf/adobe/helvetic/phvrc7tn.vf  
  inflating: build/psnfss/texmf/fonts/vf/adobe/helvetic/phvrc8t.vf  
  inflating: build/psnfss/texmf/fonts/vf/adobe/helvetic/phvrc8tn.vf  
  inflating: build/psnfss/texmf/fonts/vf/adobe/helvetic/phvro7t.vf  
  inflating: build/psnfss/texmf/fonts/vf/adobe/helvetic/phvro7tn.vf  
  inflating: build/psnfss/texmf/fonts/vf/adobe/helvetic/phvro8c.vf  
  inflating: build/psnfss/texmf/fonts/vf/adobe/helvetic/phvro8cn.vf  
  inflating: build/psnfss/texmf/fonts/vf/adobe/helvetic/phvro8t.vf  
  inflating: build/psnfss/texmf/fonts/vf/adobe/helvetic/phvro8tn.vf  
   creating: build/psnfss/texmf/fonts/vf/adobe/ncntrsbk/
  inflating: build/psnfss/texmf/fonts/vf/adobe/ncntrsbk/pncb7t.vf  
  inflating: build/psnfss/texmf/fonts/vf/adobe/ncntrsbk/pncb8c.vf  
  inflating: build/psnfss/texmf/fonts/vf/adobe/ncntrsbk/pncb8t.vf  
  inflating: build/psnfss/texmf/fonts/vf/adobe/ncntrsbk/pncbc7t.vf  
  inflating: build/psnfss/texmf/fonts/vf/adobe/ncntrsbk/pncbc8t.vf  
  inflating: build/psnfss/texmf/fonts/vf/adobe/ncntrsbk/pncbi7t.vf  
  inflating: build/psnfss/texmf/fonts/vf/adobe/ncntrsbk/pncbi8c.vf  
  inflating: build/psnfss/texmf/fonts/vf/adobe/ncntrsbk/pncbi8t.vf  
  inflating: build/psnfss/texmf/fonts/vf/adobe/ncntrsbk/pncbo7t.vf  
  inflating: build/psnfss/texmf/fonts/vf/adobe/ncntrsbk/pncbo8c.vf  
  inflating: build/psnfss/texmf/fonts/vf/adobe/ncntrsbk/pncbo8t.vf  
  inflating: build/psnfss/texmf/fonts/vf/adobe/ncntrsbk/pncr7t.vf  
  inflating: build/psnfss/texmf/fonts/vf/adobe/ncntrsbk/pncr8c.vf  
  inflating: build/psnfss/texmf/fonts/vf/adobe/ncntrsbk/pncr8t.vf  
  inflating: build/psnfss/texmf/fonts/vf/adobe/ncntrsbk/pncrc7t.vf  
  inflating: build/psnfss/texmf/fonts/vf/adobe/ncntrsbk/pncrc8t.vf  
  inflating: build/psnfss/texmf/fonts/vf/adobe/ncntrsbk/pncri7t.vf  
  inflating: build/psnfss/texmf/fonts/vf/adobe/ncntrsbk/pncri8c.vf  
  inflating: build/psnfss/texmf/fonts/vf/adobe/ncntrsbk/pncri8t.vf  
  inflating: build/psnfss/texmf/fonts/vf/adobe/ncntrsbk/pncro7t.vf  
  inflating: build/psnfss/texmf/fonts/vf/adobe/ncntrsbk/pncro8c.vf  
  inflating: build/psnfss/texmf/fonts/vf/adobe/ncntrsbk/pncro8t.vf  
   creating: build/psnfss/texmf/fonts/vf/adobe/palatino/
  inflating: build/psnfss/texmf/fonts/vf/adobe/palatino/pplb7t.vf  
  inflating: build/psnfss/texmf/fonts/vf/adobe/palatino/pplb8c.vf  
  inflating: build/psnfss/texmf/fonts/vf/adobe/palatino/pplb8t.vf  
  inflating: build/psnfss/texmf/fonts/vf/adobe/palatino/pplbc7t.vf  
  inflating: build/psnfss/texmf/fonts/vf/adobe/palatino/pplbc8t.vf  
  inflating: build/psnfss/texmf/fonts/vf/adobe/palatino/pplbi7t.vf  
  inflating: build/psnfss/texmf/fonts/vf/adobe/palatino/pplbi8c.vf  
  inflating: build/psnfss/texmf/fonts/vf/adobe/palatino/pplbi8t.vf  
  inflating: build/psnfss/texmf/fonts/vf/adobe/palatino/pplbo7t.vf  
  inflating: build/psnfss/texmf/fonts/vf/adobe/palatino/pplbo8c.vf  
  inflating: build/psnfss/texmf/fonts/vf/adobe/palatino/pplbo8t.vf  
  inflating: build/psnfss/texmf/fonts/vf/adobe/palatino/pplr7t.vf  
  inflating: build/psnfss/texmf/fonts/vf/adobe/palatino/pplr8c.vf  
  inflating: build/psnfss/texmf/fonts/vf/adobe/palatino/pplr8t.vf  
  inflating: build/psnfss/texmf/fonts/vf/adobe/palatino/pplrc7t.vf  
  inflating: build/psnfss/texmf/fonts/vf/adobe/palatino/pplrc8t.vf  
  inflating: build/psnfss/texmf/fonts/vf/adobe/palatino/pplri7t.vf  
  inflating: build/psnfss/texmf/fonts/vf/adobe/palatino/pplri8c.vf  
  inflating: build/psnfss/texmf/fonts/vf/adobe/palatino/pplri8t.vf  
  inflating: build/psnfss/texmf/fonts/vf/adobe/palatino/pplro7t.vf  
  inflating: build/psnfss/texmf/fonts/vf/adobe/palatino/pplro8c.vf  
  inflating: build/psnfss/texmf/fonts/vf/adobe/palatino/pplro8t.vf  
  inflating: build/psnfss/texmf/fonts/vf/adobe/palatino/zppleb7m.vf  
  inflating: build/psnfss/texmf/fonts/vf/adobe/palatino/zppleb7t.vf  
  inflating: build/psnfss/texmf/fonts/vf/adobe/palatino/zppleb7y.vf  
  inflating: build/psnfss/texmf/fonts/vf/adobe/palatino/zppler7m.vf  
  inflating: build/psnfss/texmf/fonts/vf/adobe/palatino/zppler7t.vf  
  inflating: build/psnfss/texmf/fonts/vf/adobe/palatino/zppler7v.vf  
  inflating: build/psnfss/texmf/fonts/vf/adobe/palatino/zppler7y.vf  
   creating: build/psnfss/texmf/fonts/vf/adobe/times/
  inflating: build/psnfss/texmf/fonts/vf/adobe/times/ptmb7t.vf  
  inflating: build/psnfss/texmf/fonts/vf/adobe/times/ptmb8c.vf  
  inflating: build/psnfss/texmf/fonts/vf/adobe/times/ptmb8t.vf  
  inflating: build/psnfss/texmf/fonts/vf/adobe/times/ptmbc7t.vf  
  inflating: build/psnfss/texmf/fonts/vf/adobe/times/ptmbc8t.vf  
  inflating: build/psnfss/texmf/fonts/vf/adobe/times/ptmbi7t.vf  
  inflating: build/psnfss/texmf/fonts/vf/adobe/times/ptmbi8c.vf  
  inflating: build/psnfss/texmf/fonts/vf/adobe/times/ptmbi8t.vf  
  inflating: build/psnfss/texmf/fonts/vf/adobe/times/ptmbo7t.vf  
  inflating: build/psnfss/texmf/fonts/vf/adobe/times/ptmbo8c.vf  
  inflating: build/psnfss/texmf/fonts/vf/adobe/times/ptmbo8t.vf  
  inflating: build/psnfss/texmf/fonts/vf/adobe/times/ptmr7t.vf  
  inflating: build/psnfss/texmf/fonts/vf/adobe/times/ptmr8c.vf  
  inflating: build/psnfss/texmf/fonts/vf/adobe/times/ptmr8t.vf  
  inflating: build/psnfss/texmf/fonts/vf/adobe/times/ptmrc7t.vf  
  inflating: build/psnfss/texmf/fonts/vf/adobe/times/ptmrc8t.vf  
  inflating: build/psnfss/texmf/fonts/vf/adobe/times/ptmri7t.vf  
  inflating: build/psnfss/texmf/fonts/vf/adobe/times/ptmri8c.vf  
  inflating: build/psnfss/texmf/fonts/vf/adobe/times/ptmri8t.vf  
  inflating: build/psnfss/texmf/fonts/vf/adobe/times/ptmro7t.vf  
  inflating: build/psnfss/texmf/fonts/vf/adobe/times/ptmro8c.vf  
  inflating: build/psnfss/texmf/fonts/vf/adobe/times/ptmro8t.vf  
  inflating: build/psnfss/texmf/fonts/vf/adobe/times/zpsycmrv.vf  
  inflating: build/psnfss/texmf/fonts/vf/adobe/times/zptmcm7m.vf  
  inflating: build/psnfss/texmf/fonts/vf/adobe/times/zptmcm7t.vf  
  inflating: build/psnfss/texmf/fonts/vf/adobe/times/zptmcm7v.vf  
  inflating: build/psnfss/texmf/fonts/vf/adobe/times/zptmcm7y.vf  
  inflating: build/psnfss/texmf/fonts/vf/adobe/times/zptmcmr.vf  
  inflating: build/psnfss/texmf/fonts/vf/adobe/times/zptmcmrm.vf  
  inflating: build/psnfss/texmf/fonts/vf/adobe/times/zpzccmry.vf  
   creating: build/psnfss/texmf/fonts/vf/adobe/zapfchan/
  inflating: build/psnfss/texmf/fonts/vf/adobe/zapfchan/pzcmi7t.vf  
  inflating: build/psnfss/texmf/fonts/vf/adobe/zapfchan/pzcmi8c.vf  
  inflating: build/psnfss/texmf/fonts/vf/adobe/zapfchan/pzcmi8t.vf  
  inflating: build/psnfss/texmf/tex/latex/psnfss/8rpag.fd  
  inflating: build/psnfss/texmf/tex/latex/psnfss/8rpbk.fd  
  inflating: build/psnfss/texmf/tex/latex/psnfss/8rpcr.fd  
  inflating: build/psnfss/texmf/tex/latex/psnfss/8rphv.fd  
  inflating: build/psnfss/texmf/tex/latex/psnfss/8rpnc.fd  
  inflating: build/psnfss/texmf/tex/latex/psnfss/8rppl.fd  
  inflating: build/psnfss/texmf/tex/latex/psnfss/8rptm.fd  
  inflating: build/psnfss/texmf/tex/latex/psnfss/8rpzc.fd  
  inflating: build/psnfss/texmf/tex/latex/psnfss/omlpag.fd  
  inflating: build/psnfss/texmf/tex/latex/psnfss/omlpbk.fd  
  inflating: build/psnfss/texmf/tex/latex/psnfss/omlpcr.fd  
  inflating: build/psnfss/texmf/tex/latex/psnfss/omlphv.fd  
  inflating: build/psnfss/texmf/tex/latex/psnfss/omlpnc.fd  
  inflating: build/psnfss/texmf/tex/latex/psnfss/omlppl.fd  
  inflating: build/psnfss/texmf/tex/latex/psnfss/omlptm.fd  
  inflating: build/psnfss/texmf/tex/latex/psnfss/omlptmcm.fd  
  inflating: build/psnfss/texmf/tex/latex/psnfss/omlpzc.fd  
  inflating: build/psnfss/texmf/tex/latex/psnfss/omlzpple.fd  
  inflating: build/psnfss/texmf/tex/latex/psnfss/omlztmcm.fd  
  inflating: build/psnfss/texmf/tex/latex/psnfss/omspag.fd  
  inflating: build/psnfss/texmf/tex/latex/psnfss/omspbk.fd  
  inflating: build/psnfss/texmf/tex/latex/psnfss/omspcr.fd  
  inflating: build/psnfss/texmf/tex/latex/psnfss/omsphv.fd  
  inflating: build/psnfss/texmf/tex/latex/psnfss/omspnc.fd  
  inflating: build/psnfss/texmf/tex/latex/psnfss/omsppl.fd  
  inflating: build/psnfss/texmf/tex/latex/psnfss/omsptm.fd  
  inflating: build/psnfss/texmf/tex/latex/psnfss/omspzc.fd  
  inflating: build/psnfss/texmf/tex/latex/psnfss/omspzccm.fd  
  inflating: build/psnfss/texmf/tex/latex/psnfss/omszpple.fd  
  inflating: build/psnfss/texmf/tex/latex/psnfss/omsztmcm.fd  
  inflating: build/psnfss/texmf/tex/latex/psnfss/omxpsycm.fd  
  inflating: build/psnfss/texmf/tex/latex/psnfss/omxzpple.fd  
  inflating: build/psnfss/texmf/tex/latex/psnfss/omxztmcm.fd  
  inflating: build/psnfss/texmf/tex/latex/psnfss/ot1pag.fd  
  inflating: build/psnfss/texmf/tex/latex/psnfss/ot1pbk.fd  
  inflating: build/psnfss/texmf/tex/latex/psnfss/ot1pcr.fd  
  inflating: build/psnfss/texmf/tex/latex/psnfss/ot1phv.fd  
  inflating: build/psnfss/texmf/tex/latex/psnfss/ot1pnc.fd  
  inflating: build/psnfss/texmf/tex/latex/psnfss/ot1ppl.fd  
  inflating: build/psnfss/texmf/tex/latex/psnfss/ot1ptm.fd  
  inflating: build/psnfss/texmf/tex/latex/psnfss/ot1ptmcm.fd  
  inflating: build/psnfss/texmf/tex/latex/psnfss/ot1pzc.fd  
  inflating: build/psnfss/texmf/tex/latex/psnfss/ot1zpple.fd  
  inflating: build/psnfss/texmf/tex/latex/psnfss/ot1ztmcm.fd  
  inflating: build/psnfss/texmf/tex/latex/psnfss/t1pag.fd  
  inflating: build/psnfss/texmf/tex/latex/psnfss/t1pbk.fd  
  inflating: build/psnfss/texmf/tex/latex/psnfss/t1pcr.fd  
  inflating: build/psnfss/texmf/tex/latex/psnfss/t1phv.fd  
  inflating: build/psnfss/texmf/tex/latex/psnfss/t1pnc.fd  
  inflating: build/psnfss/texmf/tex/latex/psnfss/t1ppl.fd  
  inflating: build/psnfss/texmf/tex/latex/psnfss/t1ptm.fd  
  inflating: build/psnfss/texmf/tex/latex/psnfss/t1pzc.fd  
  inflating: build/psnfss/texmf/tex/latex/psnfss/ts1pag.fd  
  inflating: build/psnfss/texmf/tex/latex/psnfss/ts1pbk.fd  
  inflating: build/psnfss/texmf/tex/latex/psnfss/ts1pcr.fd  
  inflating: build/psnfss/texmf/tex/latex/psnfss/ts1phv.fd  
  inflating: build/psnfss/texmf/tex/latex/psnfss/ts1pnc.fd  
  inflating: build/psnfss/texmf/tex/latex/psnfss/ts1ppl.fd  
  inflating: build/psnfss/texmf/tex/latex/psnfss/ts1ptm.fd  
  inflating: build/psnfss/texmf/tex/latex/psnfss/ts1pzc.fd  
  inflating: build/psnfss/texmf/tex/latex/psnfss/upsy.fd  
  inflating: build/psnfss/texmf/tex/latex/psnfss/upzd.fd  
* system: unzip build/psnfss/freenfss.zip -dbuild/psnfss/texmf
Archive:  build/psnfss/freenfss.zip
  inflating: build/psnfss/texmf/fonts/tfm/adobe/utopia/putb7t.tfm  
  inflating: build/psnfss/texmf/fonts/tfm/adobe/utopia/putb8c.tfm  
  inflating: build/psnfss/texmf/fonts/tfm/adobe/utopia/putb8r.tfm  
  inflating: build/psnfss/texmf/fonts/tfm/adobe/utopia/putb8t.tfm  
  inflating: build/psnfss/texmf/fonts/tfm/adobe/utopia/putbc7t.tfm  
  inflating: build/psnfss/texmf/fonts/tfm/adobe/utopia/putbc8t.tfm  
  inflating: build/psnfss/texmf/fonts/tfm/adobe/utopia/putbi7t.tfm  
  inflating: build/psnfss/texmf/fonts/tfm/adobe/utopia/putbi8c.tfm  
  inflating: build/psnfss/texmf/fonts/tfm/adobe/utopia/putbi8r.tfm  
  inflating: build/psnfss/texmf/fonts/tfm/adobe/utopia/putbi8t.tfm  
  inflating: build/psnfss/texmf/fonts/tfm/adobe/utopia/putbo7t.tfm  
  inflating: build/psnfss/texmf/fonts/tfm/adobe/utopia/putbo8c.tfm  
  inflating: build/psnfss/texmf/fonts/tfm/adobe/utopia/putbo8r.tfm  
  inflating: build/psnfss/texmf/fonts/tfm/adobe/utopia/putbo8t.tfm  
  inflating: build/psnfss/texmf/fonts/tfm/adobe/utopia/putr7t.tfm  
  inflating: build/psnfss/texmf/fonts/tfm/adobe/utopia/putr8c.tfm  
  inflating: build/psnfss/texmf/fonts/tfm/adobe/utopia/putr8r.tfm  
  inflating: build/psnfss/texmf/fonts/tfm/adobe/utopia/putr8t.tfm  
  inflating: build/psnfss/texmf/fonts/tfm/adobe/utopia/putrc7t.tfm  
  inflating: build/psnfss/texmf/fonts/tfm/adobe/utopia/putrc8t.tfm  
  inflating: build/psnfss/texmf/fonts/tfm/adobe/utopia/putri7t.tfm  
  inflating: build/psnfss/texmf/fonts/tfm/adobe/utopia/putri8c.tfm  
  inflating: build/psnfss/texmf/fonts/tfm/adobe/utopia/putri8r.tfm  
  inflating: build/psnfss/texmf/fonts/tfm/adobe/utopia/putri8t.tfm  
  inflating: build/psnfss/texmf/fonts/tfm/adobe/utopia/putro7t.tfm  
  inflating: build/psnfss/texmf/fonts/tfm/adobe/utopia/putro8c.tfm  
  inflating: build/psnfss/texmf/fonts/tfm/adobe/utopia/putro8r.tfm  
  inflating: build/psnfss/texmf/fonts/tfm/adobe/utopia/putro8t.tfm  
  inflating: build/psnfss/texmf/fonts/vf/adobe/utopia/putb7t.vf  
  inflating: build/psnfss/texmf/fonts/vf/adobe/utopia/putb8c.vf  
  inflating: build/psnfss/texmf/fonts/vf/adobe/utopia/putb8t.vf  
  inflating: build/psnfss/texmf/fonts/vf/adobe/utopia/putbc7t.vf  
  inflating: build/psnfss/texmf/fonts/vf/adobe/utopia/putbc8t.vf  
  inflating: build/psnfss/texmf/fonts/vf/adobe/utopia/putbi7t.vf  
  inflating: build/psnfss/texmf/fonts/vf/adobe/utopia/putbi8c.vf  
  inflating: build/psnfss/texmf/fonts/vf/adobe/utopia/putbi8t.vf  
  inflating: build/psnfss/texmf/fonts/vf/adobe/utopia/putbo7t.vf  
  inflating: build/psnfss/texmf/fonts/vf/adobe/utopia/putbo8c.vf  
  inflating: build/psnfss/texmf/fonts/vf/adobe/utopia/putbo8t.vf  
  inflating: build/psnfss/texmf/fonts/vf/adobe/utopia/putr7t.vf  
  inflating: build/psnfss/texmf/fonts/vf/adobe/utopia/putr8c.vf  
  inflating: build/psnfss/texmf/fonts/vf/adobe/utopia/putr8t.vf  
  inflating: build/psnfss/texmf/fonts/vf/adobe/utopia/putrc7t.vf  
  inflating: build/psnfss/texmf/fonts/vf/adobe/utopia/putrc8t.vf  
  inflating: build/psnfss/texmf/fonts/vf/adobe/utopia/putri7t.vf  
  inflating: build/psnfss/texmf/fonts/vf/adobe/utopia/putri8c.vf  
  inflating: build/psnfss/texmf/fonts/vf/adobe/utopia/putri8t.vf  
  inflating: build/psnfss/texmf/fonts/vf/adobe/utopia/putro7t.vf  
  inflating: build/psnfss/texmf/fonts/vf/adobe/utopia/putro8c.vf  
  inflating: build/psnfss/texmf/fonts/vf/adobe/utopia/putro8t.vf  
  inflating: build/psnfss/texmf/fonts/tfm/bitstrea/charter/bchb7t.tfm  
  inflating: build/psnfss/texmf/fonts/tfm/bitstrea/charter/bchb8c.tfm  
  inflating: build/psnfss/texmf/fonts/tfm/bitstrea/charter/bchb8r.tfm  
  inflating: build/psnfss/texmf/fonts/tfm/bitstrea/charter/bchb8t.tfm  
  inflating: build/psnfss/texmf/fonts/tfm/bitstrea/charter/bchbc7t.tfm  
  inflating: build/psnfss/texmf/fonts/tfm/bitstrea/charter/bchbc8t.tfm  
  inflating: build/psnfss/texmf/fonts/tfm/bitstrea/charter/bchbi7t.tfm  
  inflating: build/psnfss/texmf/fonts/tfm/bitstrea/charter/bchbi8c.tfm  
  inflating: build/psnfss/texmf/fonts/tfm/bitstrea/charter/bchbi8r.tfm  
  inflating: build/psnfss/texmf/fonts/tfm/bitstrea/charter/bchbi8t.tfm  
  inflating: build/psnfss/texmf/fonts/tfm/bitstrea/charter/bchbo7t.tfm  
  inflating: build/psnfss/texmf/fonts/tfm/bitstrea/charter/bchbo8c.tfm  
  inflating: build/psnfss/texmf/fonts/tfm/bitstrea/charter/bchbo8r.tfm  
  inflating: build/psnfss/texmf/fonts/tfm/bitstrea/charter/bchbo8t.tfm  
  inflating: build/psnfss/texmf/fonts/tfm/bitstrea/charter/bchr7t.tfm  
  inflating: build/psnfss/texmf/fonts/tfm/bitstrea/charter/bchr8c.tfm  
  inflating: build/psnfss/texmf/fonts/tfm/bitstrea/charter/bchr8r.tfm  
  inflating: build/psnfss/texmf/fonts/tfm/bitstrea/charter/bchr8t.tfm  
  inflating: build/psnfss/texmf/fonts/tfm/bitstrea/charter/bchrc7t.tfm  
  inflating: build/psnfss/texmf/fonts/tfm/bitstrea/charter/bchrc8t.tfm  
  inflating: build/psnfss/texmf/fonts/tfm/bitstrea/charter/bchri7t.tfm  
  inflating: build/psnfss/texmf/fonts/tfm/bitstrea/charter/bchri8c.tfm  
  inflating: build/psnfss/texmf/fonts/tfm/bitstrea/charter/bchri8r.tfm  
  inflating: build/psnfss/texmf/fonts/tfm/bitstrea/charter/bchri8t.tfm  
  inflating: build/psnfss/texmf/fonts/tfm/bitstrea/charter/bchro7t.tfm  
  inflating: build/psnfss/texmf/fonts/tfm/bitstrea/charter/bchro8c.tfm  
  inflating: build/psnfss/texmf/fonts/tfm/bitstrea/charter/bchro8r.tfm  
  inflating: build/psnfss/texmf/fonts/tfm/bitstrea/charter/bchro8t.tfm  
  inflating: build/psnfss/texmf/fonts/vf/bitstrea/charter/bchb7t.vf  
  inflating: build/psnfss/texmf/fonts/vf/bitstrea/charter/bchb8c.vf  
  inflating: build/psnfss/texmf/fonts/vf/bitstrea/charter/bchb8t.vf  
  inflating: build/psnfss/texmf/fonts/vf/bitstrea/charter/bchbc7t.vf  
  inflating: build/psnfss/texmf/fonts/vf/bitstrea/charter/bchbc8t.vf  
  inflating: build/psnfss/texmf/fonts/vf/bitstrea/charter/bchbi7t.vf  
  inflating: build/psnfss/texmf/fonts/vf/bitstrea/charter/bchbi8c.vf  
  inflating: build/psnfss/texmf/fonts/vf/bitstrea/charter/bchbi8t.vf  
  inflating: build/psnfss/texmf/fonts/vf/bitstrea/charter/bchbo7t.vf  
  inflating: build/psnfss/texmf/fonts/vf/bitstrea/charter/bchbo8c.vf  
  inflating: build/psnfss/texmf/fonts/vf/bitstrea/charter/bchbo8t.vf  
  inflating: build/psnfss/texmf/fonts/vf/bitstrea/charter/bchr7t.vf  
  inflating: build/psnfss/texmf/fonts/vf/bitstrea/charter/bchr8c.vf  
  inflating: build/psnfss/texmf/fonts/vf/bitstrea/charter/bchr8t.vf  
  inflating: build/psnfss/texmf/fonts/vf/bitstrea/charter/bchrc7t.vf  
  inflating: build/psnfss/texmf/fonts/vf/bitstrea/charter/bchrc8t.vf  
  inflating: build/psnfss/texmf/fonts/vf/bitstrea/charter/bchri7t.vf  
  inflating: build/psnfss/texmf/fonts/vf/bitstrea/charter/bchri8c.vf  
  inflating: build/psnfss/texmf/fonts/vf/bitstrea/charter/bchri8t.vf  
  inflating: build/psnfss/texmf/fonts/vf/bitstrea/charter/bchro7t.vf  
  inflating: build/psnfss/texmf/fonts/vf/bitstrea/charter/bchro8c.vf  
  inflating: build/psnfss/texmf/fonts/vf/bitstrea/charter/bchro8t.vf  
  inflating: build/psnfss/texmf/fonts/tfm/public/pazo/fplmb.tfm  
  inflating: build/psnfss/texmf/fonts/tfm/public/pazo/fplmbb.tfm  
  inflating: build/psnfss/texmf/fonts/tfm/public/pazo/fplmbi.tfm  
  inflating: build/psnfss/texmf/fonts/tfm/public/pazo/fplmr.tfm  
  inflating: build/psnfss/texmf/fonts/tfm/public/pazo/fplmri.tfm  
  inflating: build/psnfss/texmf/fonts/tfm/public/pazo/zplmb7m.tfm  
  inflating: build/psnfss/texmf/fonts/tfm/public/pazo/zplmb7t.tfm  
  inflating: build/psnfss/texmf/fonts/tfm/public/pazo/zplmb7y.tfm  
  inflating: build/psnfss/texmf/fonts/tfm/public/pazo/zplmr7m.tfm  
  inflating: build/psnfss/texmf/fonts/tfm/public/pazo/zplmr7t.tfm  
  inflating: build/psnfss/texmf/fonts/tfm/public/pazo/zplmr7v.tfm  
  inflating: build/psnfss/texmf/fonts/tfm/public/pazo/zplmr7y.tfm  
  inflating: build/psnfss/texmf/fonts/vf/public/pazo/zplmb7m.vf  
  inflating: build/psnfss/texmf/fonts/vf/public/pazo/zplmb7t.vf  
  inflating: build/psnfss/texmf/fonts/vf/public/pazo/zplmb7y.vf  
  inflating: build/psnfss/texmf/fonts/vf/public/pazo/zplmr7m.vf  
  inflating: build/psnfss/texmf/fonts/vf/public/pazo/zplmr7t.vf  
  inflating: build/psnfss/texmf/fonts/vf/public/pazo/zplmr7v.vf  
  inflating: build/psnfss/texmf/fonts/vf/public/pazo/zplmr7y.vf  
  inflating: build/psnfss/texmf/fonts/tfm/adobe/palatino/pplbij8r.tfm  
  inflating: build/psnfss/texmf/fonts/tfm/adobe/palatino/pplbj8r.tfm  
  inflating: build/psnfss/texmf/fonts/tfm/adobe/palatino/pplrc8r.tfm  
  inflating: build/psnfss/texmf/fonts/tfm/adobe/palatino/pplrij8r.tfm  
  inflating: build/psnfss/texmf/fonts/tfm/adobe/palatino/pplb9c.tfm  
  inflating: build/psnfss/texmf/fonts/tfm/adobe/palatino/pplb9d.tfm  
  inflating: build/psnfss/texmf/fonts/tfm/adobe/palatino/pplb9e.tfm  
  inflating: build/psnfss/texmf/fonts/tfm/adobe/palatino/pplb9o.tfm  
  inflating: build/psnfss/texmf/fonts/tfm/adobe/palatino/pplb9t.tfm  
  inflating: build/psnfss/texmf/fonts/tfm/adobe/palatino/pplbi9c.tfm  
  inflating: build/psnfss/texmf/fonts/tfm/adobe/palatino/pplbi9d.tfm  
  inflating: build/psnfss/texmf/fonts/tfm/adobe/palatino/pplbi9e.tfm  
  inflating: build/psnfss/texmf/fonts/tfm/adobe/palatino/pplbi9o.tfm  
  inflating: build/psnfss/texmf/fonts/tfm/adobe/palatino/pplbi9t.tfm  
  inflating: build/psnfss/texmf/fonts/tfm/adobe/palatino/pplr9c.tfm  
  inflating: build/psnfss/texmf/fonts/tfm/adobe/palatino/pplr9d.tfm  
  inflating: build/psnfss/texmf/fonts/tfm/adobe/palatino/pplr9e.tfm  
  inflating: build/psnfss/texmf/fonts/tfm/adobe/palatino/pplr9o.tfm  
  inflating: build/psnfss/texmf/fonts/tfm/adobe/palatino/pplr9t.tfm  
  inflating: build/psnfss/texmf/fonts/tfm/adobe/palatino/pplrc9d.tfm  
  inflating: build/psnfss/texmf/fonts/tfm/adobe/palatino/pplrc9e.tfm  
  inflating: build/psnfss/texmf/fonts/tfm/adobe/palatino/pplrc9o.tfm  
  inflating: build/psnfss/texmf/fonts/tfm/adobe/palatino/pplrc9t.tfm  
  inflating: build/psnfss/texmf/fonts/tfm/adobe/palatino/pplri9c.tfm  
  inflating: build/psnfss/texmf/fonts/tfm/adobe/palatino/pplri9d.tfm  
  inflating: build/psnfss/texmf/fonts/tfm/adobe/palatino/pplri9e.tfm  
  inflating: build/psnfss/texmf/fonts/tfm/adobe/palatino/pplri9o.tfm  
  inflating: build/psnfss/texmf/fonts/tfm/adobe/palatino/pplri9t.tfm  
  inflating: build/psnfss/texmf/fonts/vf/adobe/palatino/pplb9c.vf  
  inflating: build/psnfss/texmf/fonts/vf/adobe/palatino/pplb9d.vf  
  inflating: build/psnfss/texmf/fonts/vf/adobe/palatino/pplb9e.vf  
  inflating: build/psnfss/texmf/fonts/vf/adobe/palatino/pplb9o.vf  
  inflating: build/psnfss/texmf/fonts/vf/adobe/palatino/pplb9t.vf  
  inflating: build/psnfss/texmf/fonts/vf/adobe/palatino/pplbi9c.vf  
  inflating: build/psnfss/texmf/fonts/vf/adobe/palatino/pplbi9d.vf  
  inflating: build/psnfss/texmf/fonts/vf/adobe/palatino/pplbi9e.vf  
  inflating: build/psnfss/texmf/fonts/vf/adobe/palatino/pplbi9o.vf  
  inflating: build/psnfss/texmf/fonts/vf/adobe/palatino/pplbi9t.vf  
  inflating: build/psnfss/texmf/fonts/vf/adobe/palatino/pplr9c.vf  
  inflating: build/psnfss/texmf/fonts/vf/adobe/palatino/pplr9d.vf  
  inflating: build/psnfss/texmf/fonts/vf/adobe/palatino/pplr9e.vf  
  inflating: build/psnfss/texmf/fonts/vf/adobe/palatino/pplr9o.vf  
  inflating: build/psnfss/texmf/fonts/vf/adobe/palatino/pplr9t.vf  
  inflating: build/psnfss/texmf/fonts/vf/adobe/palatino/pplrc9d.vf  
  inflating: build/psnfss/texmf/fonts/vf/adobe/palatino/pplrc9e.vf  
  inflating: build/psnfss/texmf/fonts/vf/adobe/palatino/pplrc9o.vf  
  inflating: build/psnfss/texmf/fonts/vf/adobe/palatino/pplrc9t.vf  
  inflating: build/psnfss/texmf/fonts/vf/adobe/palatino/pplri9c.vf  
  inflating: build/psnfss/texmf/fonts/vf/adobe/palatino/pplri9d.vf  
  inflating: build/psnfss/texmf/fonts/vf/adobe/palatino/pplri9e.vf  
  inflating: build/psnfss/texmf/fonts/vf/adobe/palatino/pplri9o.vf  
  inflating: build/psnfss/texmf/fonts/vf/adobe/palatino/pplri9t.vf  
  inflating: build/psnfss/texmf/tex/latex/psnfss/8rbch.fd  
  inflating: build/psnfss/texmf/tex/latex/psnfss/8rput.fd  
  inflating: build/psnfss/texmf/tex/latex/psnfss/omlbch.fd  
  inflating: build/psnfss/texmf/tex/latex/psnfss/omlput.fd  
  inflating: build/psnfss/texmf/tex/latex/psnfss/omsbch.fd  
  inflating: build/psnfss/texmf/tex/latex/psnfss/omsput.fd  
  inflating: build/psnfss/texmf/tex/latex/psnfss/ot1bch.fd  
  inflating: build/psnfss/texmf/tex/latex/psnfss/ot1put.fd  
  inflating: build/psnfss/texmf/tex/latex/psnfss/t1bch.fd  
  inflating: build/psnfss/texmf/tex/latex/psnfss/t1put.fd  
  inflating: build/psnfss/texmf/tex/latex/psnfss/ts1bch.fd  
  inflating: build/psnfss/texmf/tex/latex/psnfss/ts1put.fd  
  inflating: build/psnfss/texmf/tex/latex/psnfss/omlzplm.fd  
  inflating: build/psnfss/texmf/tex/latex/psnfss/omszplm.fd  
  inflating: build/psnfss/texmf/tex/latex/psnfss/omxzplm.fd  
  inflating: build/psnfss/texmf/tex/latex/psnfss/ufplmbb.fd  
  inflating: build/psnfss/texmf/tex/latex/psnfss/ot1zplm.fd  
  inflating: build/psnfss/texmf/tex/latex/psnfss/ufplm.fd  
  inflating: build/psnfss/texmf/tex/latex/psnfss/ot1pplx.fd  
  inflating: build/psnfss/texmf/tex/latex/psnfss/ot1pplj.fd  
  inflating: build/psnfss/texmf/tex/latex/psnfss/t1pplx.fd  
  inflating: build/psnfss/texmf/tex/latex/psnfss/t1pplj.fd  
  inflating: build/psnfss/texmf/tex/latex/psnfss/ts1pplx.fd  
  inflating: build/psnfss/texmf/tex/latex/psnfss/ts1pplj.fd  
* system: unzip incoming/ctan/tds.zip -dbuild
Archive:  incoming/ctan/tds.zip
   creating: build/tds/
  inflating: build/tds/README        
 extracting: build/tds/.notar        
  inflating: build/tds/ChangeLog     
  inflating: build/tds/Makefile      
  inflating: build/tds/tds.html      
  inflating: build/tds/tds.aux       
  inflating: build/tds/tds.dvi       
  inflating: build/tds/tdsguide.cls  
  inflating: build/tds/tds.info      
  inflating: build/tds/tds.pdf       
  inflating: build/tds/tds.sed       
  inflating: build/tds/tds.tex       
  inflating: build/tds/tds2texi.el   
 extracting: build/tds/packages.zip  

=== Patches ===
* system: patch build/base/classes.dtx patch/classes.dtx.diff
patching file build/base/classes.dtx
* system: /home/one/work/texprj/latex-tds/lib/adjust_checksum.pl psfonts.dtx
ADJUST_CHECKSUM 1.1, 2006/02/12 - Copyright (c) 2002, 2006 by Heiko Oberdiek.
*** Running LaTeX ...
This is pdfTeX, Version 3.141592-1.40.0-beta-20060213 (Web2C 7.5.5)
entering extended mode
*** Looking for checksum statement ...
==> Checksum not passed (1101<>1106).
*** Fixing Checksum ...
==> Checksum fixed:
%\CheckSum{1106}
*** Ready.
* system: patch build/babel/greek.ins patch/greek.ins.diff
patching file build/babel/greek.ins
* system: patch build/babel/bbcompat.dtx patch/bbcompat.dtx.diff
patching file build/babel/bbcompat.dtx
* system: patch build/babel/athnum.dtx patch/athnum.dtx.diff
patching file build/babel/athnum.dtx
* system: patch build/babel/albanian.dtx patch/albanian.dtx.diff
patching file build/babel/albanian.dtx
* system: patch build/babel/finnish.dtx patch/finnish.dtx.diff
patching file build/babel/finnish.dtx
* system: patch build/babel/frenchb.dtx patch/frenchb.dtx.diff
patching file build/babel/frenchb.dtx

=== Install source ===
* system: mkdir -p 'texmf/source/latex/base'
* system: cp -p *.dtx *.fdd *.ins *guide.tex ltnews*.tex source2e.tex ltx3info.tex latexbug.el texmf/source/latex/base/
* system: mkdir -p 'texmf/source/latex/tools'
* system: cp -p *.dtx *.ins texmf/source/latex/tools/
* system: mkdir -p 'texmf/source/latex/graphics'
* system: cp -p *.dtx *.ins *.tex texmf/source/latex/graphics/
* system: mkdir -p 'texmf/source/latex/cyrillic'
* system: cp -p *.dtx *.fdd *.ins texmf/source/latex/cyrillic/
* system: mkdir -p 'texmf/source/latex/psnfss'
* system: cp -p psnfss2e.tex *.dtx *.ins texmf/source/latex/psnfss/
* system: mkdir -p 'texmf/source/generic/babel'
* system: cp -p *.ins *.dtx *.fdd *.dat usage.tex tb*.tex texmf/source/generic/babel/
* system: cp -p bghyphen.tex bghyphsi.tex mik2t2.tex catmik.tex lahyph.tex texmf/source/generic/babel/
cp: Aufruf von stat fr bghyphen.tex nicht mglich: Datei oder Verzeichnis nicht gefunden
cp: Aufruf von stat fr bghyphsi.tex nicht mglich: Datei oder Verzeichnis nicht gefunden
!!! Error: Child exited with value 1!
